{"meta": {"format": 3, "version": "7.13.5", "timestamp": "2026-04-30T17:56:15.508759", "branch_coverage": true, "show_contexts": false}, "files": {"src/sdd/__init__.py": {"executed_lines": [1], "summary": {"covered_lines": 1, "num_statements": 1, "percent_covered": 100.0, "percent_covered_display": "100", "missing_lines": 0, "excluded_lines": 0, "percent_statements_covered": 100.0, "percent_statements_covered_display": "100", "num_branches": 0, "num_partial_branches": 0, "covered_branches": 0, "missing_branches": 0, "percent_branches_covered": 100.0, "percent_branches_covered_display": "100"}, "missing_lines": [], "excluded_lines": [], "executed_branches": [], "missing_branches": [], "functions": {"": {"executed_lines": [1], "summary": {"covered_lines": 1, "num_statements": 1, "percent_covered": 100.0, "percent_covered_display": "100", "missing_lines": 0, "excluded_lines": 0, "percent_statements_covered": 100.0, "percent_statements_covered_display": "100", "num_branches": 0, "num_partial_branches": 0, "covered_branches": 0, "missing_branches": 0, "percent_branches_covered": 100.0, "percent_branches_covered_display": "100"}, "missing_lines": [], "excluded_lines": [], "start_line": 1, "executed_branches": [], "missing_branches": []}}, "classes": {"": {"executed_lines": [1], "summary": {"covered_lines": 1, "num_statements": 1, "percent_covered": 100.0, "percent_covered_display": "100", "missing_lines": 0, "excluded_lines": 0, "percent_statements_covered": 100.0, "percent_statements_covered_display": "100", "num_branches": 0, "num_partial_branches": 0, "covered_branches": 0, "missing_branches": 0, "percent_branches_covered": 100.0, "percent_branches_covered_display": "100"}, "missing_lines": [], "excluded_lines": [], "start_line": 1, "executed_branches": [], "missing_branches": []}}}, "src/sdd/cli.py": {"executed_lines": [], "summary": {"covered_lines": 0, "num_statements": 303, "percent_covered": 0.0, "percent_covered_display": "0", "missing_lines": 303, "excluded_lines": 0, "percent_statements_covered": 0.0, "percent_statements_covered_display": "0", "num_branches": 20, "num_partial_branches": 0, "covered_branches": 0, "missing_branches": 20, "percent_branches_covered": 0.0, "percent_branches_covered_display": "0"}, "missing_lines": [2, 4, 5, 6, 7, 8, 10, 12, 15, 16, 17, 20, 21, 22, 24, 25, 26, 29, 30, 31, 33, 34, 37, 38, 39, 41, 42, 45, 46, 47, 49, 50, 53, 54, 55, 57, 58, 61, 62, 63, 65, 66, 69, 70, 71, 73, 74, 77, 78, 79, 81, 82, 85, 86, 87, 89, 90, 93, 94, 95, 97, 98, 101, 102, 103, 105, 106, 109, 110, 111, 113, 114, 117, 118, 119, 121, 122, 125, 126, 127, 128, 129, 130, 131, 133, 134, 135, 136, 137, 138, 139, 140, 141, 142, 143, 146, 147, 148, 150, 151, 154, 155, 156, 158, 159, 162, 163, 164, 170, 172, 174, 175, 176, 177, 178, 179, 182, 183, 184, 186, 187, 190, 191, 192, 194, 195, 198, 199, 200, 202, 203, 206, 207, 208, 210, 211, 214, 215, 216, 218, 219, 222, 223, 224, 226, 227, 230, 231, 232, 234, 236, 238, 239, 240, 241, 242, 243, 244, 245, 246, 249, 250, 251, 252, 253, 254, 256, 258, 259, 261, 263, 264, 265, 267, 276, 277, 280, 281, 282, 283, 284, 285, 287, 289, 290, 292, 294, 295, 296, 298, 307, 308, 311, 312, 313, 315, 316, 318, 320, 322, 329, 330, 333, 334, 335, 336, 338, 339, 341, 343, 345, 353, 354, 357, 358, 359, 361, 362, 364, 366, 368, 373, 374, 377, 378, 379, 380, 381, 382, 383, 385, 386, 389, 390, 391, 392, 393, 394, 395, 397, 398, 399, 400, 401, 404, 405, 406, 407, 408, 409, 410, 412, 413, 414, 415, 416, 419, 420, 421, 422, 423, 424, 426, 427, 430, 431, 432, 434, 435, 438, 439, 440, 441, 442, 444, 445, 448, 449, 450, 452, 453, 456, 457, 458, 459, 461, 462, 465, 466, 467, 470, 472, 473, 474, 475, 476, 477, 478, 479, 480, 481, 482, 483], "excluded_lines": [], "executed_branches": [], "missing_branches": [[135, 136], [135, 137], [137, 138], [137, 139], [139, 140], [139, 141], [141, 142], [141, 143], [175, 176], [175, 177], [238, 239], [238, 246], [263, 264], [263, 267], [294, 295], [294, 298], [399, 400], [399, 401], [414, 415], [414, 416]], "functions": {"_sdd_root": {"executed_lines": [], "summary": {"covered_lines": 0, "num_statements": 2, "percent_covered": 0.0, "percent_covered_display": "0", "missing_lines": 2, "excluded_lines": 0, "percent_statements_covered": 0.0, "percent_statements_covered_display": "0", "num_branches": 0, "num_partial_branches": 0, "covered_branches": 0, "missing_branches": 0, "percent_branches_covered": 100.0, "percent_branches_covered_display": "100"}, "missing_lines": [16, 17], "excluded_lines": [], "start_line": 15, "executed_branches": [], "missing_branches": []}, "cli": {"executed_lines": [], "summary": {"covered_lines": 0, "num_statements": 3, "percent_covered": 0.0, "percent_covered_display": "0", "missing_lines": 3, "excluded_lines": 0, "percent_statements_covered": 0.0, "percent_statements_covered_display": "0", "num_branches": 0, "num_partial_branches": 0, "covered_branches": 0, "missing_branches": 0, "percent_branches_covered": 100.0, "percent_branches_covered_display": "100"}, "missing_lines": [24, 25, 26], "excluded_lines": [], "start_line": 22, "executed_branches": [], "missing_branches": []}, "complete": {"executed_lines": [], "summary": {"covered_lines": 0, "num_statements": 2, "percent_covered": 0.0, "percent_covered_display": "0", "missing_lines": 2, "excluded_lines": 0, "percent_statements_covered": 0.0, "percent_statements_covered_display": "0", "num_branches": 0, "num_partial_branches": 0, "covered_branches": 0, "missing_branches": 0, "percent_branches_covered": 100.0, "percent_branches_covered_display": "100"}, "missing_lines": [33, 34], "excluded_lines": [], "start_line": 31, "executed_branches": [], "missing_branches": []}, "validate": {"executed_lines": [], "summary": {"covered_lines": 0, "num_statements": 2, "percent_covered": 0.0, "percent_covered_display": "0", "missing_lines": 2, "excluded_lines": 0, "percent_statements_covered": 0.0, "percent_statements_covered_display": "0", "num_branches": 0, "num_partial_branches": 0, "covered_branches": 0, "missing_branches": 0, "percent_branches_covered": 100.0, "percent_branches_covered_display": "100"}, "missing_lines": [41, 42], "excluded_lines": [], "start_line": 39, "executed_branches": [], "missing_branches": []}, "show_state": {"executed_lines": [], "summary": {"covered_lines": 0, "num_statements": 2, "percent_covered": 0.0, "percent_covered_display": "0", "missing_lines": 2, "excluded_lines": 0, "percent_statements_covered": 0.0, "percent_statements_covered_display": "0", "num_branches": 0, "num_partial_branches": 0, "covered_branches": 0, "missing_branches": 0, "percent_branches_covered": 100.0, "percent_branches_covered_display": "100"}, "missing_lines": [49, 50], "excluded_lines": [], "start_line": 47, "executed_branches": [], "missing_branches": []}, "path_cmd": {"executed_lines": [], "summary": {"covered_lines": 0, "num_statements": 2, "percent_covered": 0.0, "percent_covered_display": "0", "missing_lines": 2, "excluded_lines": 0, "percent_statements_covered": 0.0, "percent_statements_covered_display": "0", "num_branches": 0, "num_partial_branches": 0, "covered_branches": 0, "missing_branches": 0, "percent_branches_covered": 100.0, "percent_branches_covered_display": "100"}, "missing_lines": [57, 58], "excluded_lines": [], "start_line": 55, "executed_branches": [], "missing_branches": []}, "activate_phase": {"executed_lines": [], "summary": {"covered_lines": 0, "num_statements": 2, "percent_covered": 0.0, "percent_covered_display": "0", "missing_lines": 2, "excluded_lines": 0, "percent_statements_covered": 0.0, "percent_statements_covered_display": "0", "num_branches": 0, "num_partial_branches": 0, "covered_branches": 0, "missing_branches": 0, "percent_branches_covered": 100.0, "percent_branches_covered_display": "100"}, "missing_lines": [65, 66], "excluded_lines": [], "start_line": 63, "executed_branches": [], "missing_branches": []}, "switch_phase": {"executed_lines": [], "summary": {"covered_lines": 0, "num_statements": 2, "percent_covered": 0.0, "percent_covered_display": "0", "missing_lines": 2, "excluded_lines": 0, "percent_statements_covered": 0.0, "percent_statements_covered_display": "0", "num_branches": 0, "num_partial_branches": 0, "covered_branches": 0, "missing_branches": 0, "percent_branches_covered": 100.0, "percent_branches_covered_display": "100"}, "missing_lines": [73, 74], "excluded_lines": [], "start_line": 71, "executed_branches": [], "missing_branches": []}, "replay": {"executed_lines": [], "summary": {"covered_lines": 0, "num_statements": 2, "percent_covered": 0.0, "percent_covered_display": "0", "missing_lines": 2, "excluded_lines": 0, "percent_statements_covered": 0.0, "percent_statements_covered_display": "0", "num_branches": 0, "num_partial_branches": 0, "covered_branches": 0, "missing_branches": 0, "percent_branches_covered": 100.0, "percent_branches_covered_display": "100"}, "missing_lines": [81, 82], "excluded_lines": [], "start_line": 79, "executed_branches": [], "missing_branches": []}, "query_events": {"executed_lines": [], "summary": {"covered_lines": 0, "num_statements": 2, "percent_covered": 0.0, "percent_covered_display": "0", "missing_lines": 2, "excluded_lines": 0, "percent_statements_covered": 0.0, "percent_statements_covered_display": "0", "num_branches": 0, "num_partial_branches": 0, "covered_branches": 0, "missing_branches": 0, "percent_branches_covered": 100.0, "percent_branches_covered_display": "100"}, "missing_lines": [89, 90], "excluded_lines": [], "start_line": 87, "executed_branches": [], "missing_branches": []}, "metrics_report": {"executed_lines": [], "summary": {"covered_lines": 0, "num_statements": 2, "percent_covered": 0.0, "percent_covered_display": "0", "missing_lines": 2, "excluded_lines": 0, "percent_statements_covered": 0.0, "percent_statements_covered_display": "0", "num_branches": 0, "num_partial_branches": 0, "covered_branches": 0, "missing_branches": 0, "percent_branches_covered": 100.0, "percent_branches_covered_display": "100"}, "missing_lines": [97, 98], "excluded_lines": [], "start_line": 95, "executed_branches": [], "missing_branches": []}, "sync_state": {"executed_lines": [], "summary": {"covered_lines": 0, "num_statements": 2, "percent_covered": 0.0, "percent_covered_display": "0", "missing_lines": 2, "excluded_lines": 0, "percent_statements_covered": 0.0, "percent_statements_covered_display": "0", "num_branches": 0, "num_partial_branches": 0, "covered_branches": 0, "missing_branches": 0, "percent_branches_covered": 100.0, "percent_branches_covered_display": "100"}, "missing_lines": [105, 106], "excluded_lines": [], "start_line": 103, "executed_branches": [], "missing_branches": []}, "bootstrap_complete": {"executed_lines": [], "summary": {"covered_lines": 0, "num_statements": 2, "percent_covered": 0.0, "percent_covered_display": "0", "missing_lines": 2, "excluded_lines": 0, "percent_statements_covered": 0.0, "percent_statements_covered_display": "0", "num_branches": 0, "num_partial_branches": 0, "covered_branches": 0, "missing_branches": 0, "percent_branches_covered": 100.0, "percent_branches_covered_display": "100"}, "missing_lines": [113, 114], "excluded_lines": [], "start_line": 111, "executed_branches": [], "missing_branches": []}, "reconcile_bootstrap": {"executed_lines": [], "summary": {"covered_lines": 0, "num_statements": 2, "percent_covered": 0.0, "percent_covered_display": "0", "missing_lines": 2, "excluded_lines": 0, "percent_statements_covered": 0.0, "percent_statements_covered_display": "0", "num_branches": 0, "num_partial_branches": 0, "covered_branches": 0, "missing_branches": 0, "percent_branches_covered": 100.0, "percent_branches_covered_display": "100"}, "missing_lines": [121, 122], "excluded_lines": [], "start_line": 119, "executed_branches": [], "missing_branches": []}, "validate_invariants": {"executed_lines": [], "summary": {"covered_lines": 0, "num_statements": 11, "percent_covered": 0.0, "percent_covered_display": "0", "missing_lines": 11, "excluded_lines": 0, "percent_statements_covered": 0.0, "percent_statements_covered_display": "0", "num_branches": 8, "num_partial_branches": 0, "covered_branches": 0, "missing_branches": 8, "percent_branches_covered": 0.0, "percent_branches_covered_display": "0"}, "missing_lines": [133, 134, 135, 136, 137, 138, 139, 140, 141, 142, 143], "excluded_lines": [], "start_line": 131, "executed_branches": [], "missing_branches": [[135, 136], [135, 137], [137, 138], [137, 139], [139, 140], [139, 141], [141, 142], [141, 143]]}, "invalidate_event": {"executed_lines": [], "summary": {"covered_lines": 0, "num_statements": 2, "percent_covered": 0.0, "percent_covered_display": "0", "missing_lines": 2, "excluded_lines": 0, "percent_statements_covered": 0.0, "percent_statements_covered_display": "0", "num_branches": 0, "num_partial_branches": 0, "covered_branches": 0, "missing_branches": 0, "percent_branches_covered": 100.0, "percent_branches_covered_display": "100"}, "missing_lines": [150, 151], "excluded_lines": [], "start_line": 148, "executed_branches": [], "missing_branches": []}, "report_error": {"executed_lines": [], "summary": {"covered_lines": 0, "num_statements": 2, "percent_covered": 0.0, "percent_covered_display": "0", "missing_lines": 2, "excluded_lines": 0, "percent_statements_covered": 0.0, "percent_statements_covered_display": "0", "num_branches": 0, "num_partial_branches": 0, "covered_branches": 0, "missing_branches": 0, "percent_branches_covered": 100.0, "percent_branches_covered_display": "100"}, "missing_lines": [158, 159], "excluded_lines": [], "start_line": 156, "executed_branches": [], "missing_branches": []}, "validate_config": {"executed_lines": [], "summary": {"covered_lines": 0, "num_statements": 7, "percent_covered": 0.0, "percent_covered_display": "0", "missing_lines": 7, "excluded_lines": 0, "percent_statements_covered": 0.0, "percent_statements_covered_display": "0", "num_branches": 2, "num_partial_branches": 0, "covered_branches": 0, "missing_branches": 2, "percent_branches_covered": 0.0, "percent_branches_covered_display": "0"}, "missing_lines": [172, 174, 175, 176, 177, 178, 179], "excluded_lines": [], "start_line": 170, "executed_branches": [], "missing_branches": [[175, 176], [175, 177]]}, "phase_guard": {"executed_lines": [], "summary": {"covered_lines": 0, "num_statements": 2, "percent_covered": 0.0, "percent_covered_display": "0", "missing_lines": 2, "excluded_lines": 0, "percent_statements_covered": 0.0, "percent_statements_covered_display": "0", "num_branches": 0, "num_partial_branches": 0, "covered_branches": 0, "missing_branches": 0, "percent_branches_covered": 100.0, "percent_branches_covered_display": "100"}, "missing_lines": [186, 187], "excluded_lines": [], "start_line": 184, "executed_branches": [], "missing_branches": []}, "task_guard": {"executed_lines": [], "summary": {"covered_lines": 0, "num_statements": 2, "percent_covered": 0.0, "percent_covered_display": "0", "missing_lines": 2, "excluded_lines": 0, "percent_statements_covered": 0.0, "percent_statements_covered_display": "0", "num_branches": 0, "num_partial_branches": 0, "covered_branches": 0, "missing_branches": 0, "percent_branches_covered": 100.0, "percent_branches_covered_display": "100"}, "missing_lines": [194, 195], "excluded_lines": [], "start_line": 192, "executed_branches": [], "missing_branches": []}, "check_scope": {"executed_lines": [], "summary": {"covered_lines": 0, "num_statements": 2, "percent_covered": 0.0, "percent_covered_display": "0", "missing_lines": 2, "excluded_lines": 0, "percent_statements_covered": 0.0, "percent_statements_covered_display": "0", "num_branches": 0, "num_partial_branches": 0, "covered_branches": 0, "missing_branches": 0, "percent_branches_covered": 100.0, "percent_branches_covered_display": "100"}, "missing_lines": [202, 203], "excluded_lines": [], "start_line": 200, "executed_branches": [], "missing_branches": []}, "norm_guard": {"executed_lines": [], "summary": {"covered_lines": 0, "num_statements": 2, "percent_covered": 0.0, "percent_covered_display": "0", "missing_lines": 2, "excluded_lines": 0, "percent_statements_covered": 0.0, "percent_statements_covered_display": "0", "num_branches": 0, "num_partial_branches": 0, "covered_branches": 0, "missing_branches": 0, "percent_branches_covered": 100.0, "percent_branches_covered_display": "100"}, "missing_lines": [210, 211], "excluded_lines": [], "start_line": 208, "executed_branches": [], "missing_branches": []}, "show_task_cmd": {"executed_lines": [], "summary": {"covered_lines": 0, "num_statements": 2, "percent_covered": 0.0, "percent_covered_display": "0", "missing_lines": 2, "excluded_lines": 0, "percent_statements_covered": 0.0, "percent_statements_covered_display": "0", "num_branches": 0, "num_partial_branches": 0, "covered_branches": 0, "missing_branches": 0, "percent_branches_covered": 100.0, "percent_branches_covered_display": "100"}, "missing_lines": [218, 219], "excluded_lines": [], "start_line": 216, "executed_branches": [], "missing_branches": []}, "show_spec_cmd": {"executed_lines": [], "summary": {"covered_lines": 0, "num_statements": 2, "percent_covered": 0.0, "percent_covered_display": "0", "missing_lines": 2, "excluded_lines": 0, "percent_statements_covered": 0.0, "percent_statements_covered_display": "0", "num_branches": 0, "num_partial_branches": 0, "covered_branches": 0, "missing_branches": 0, "percent_branches_covered": 100.0, "percent_branches_covered_display": "100"}, "missing_lines": [226, 227], "excluded_lines": [], "start_line": 224, "executed_branches": [], "missing_branches": []}, "show_plan_cmd": {"executed_lines": [], "summary": {"covered_lines": 0, "num_statements": 11, "percent_covered": 0.0, "percent_covered_display": "0", "missing_lines": 11, "excluded_lines": 0, "percent_statements_covered": 0.0, "percent_statements_covered_display": "0", "num_branches": 2, "num_partial_branches": 0, "covered_branches": 0, "missing_branches": 2, "percent_branches_covered": 0.0, "percent_branches_covered_display": "0"}, "missing_lines": [234, 236, 238, 239, 240, 241, 242, 243, 244, 245, 246], "excluded_lines": [], "start_line": 232, "executed_branches": [], "missing_branches": [[238, 239], [238, 246]]}, "record_decision": {"executed_lines": [], "summary": {"covered_lines": 0, "num_statements": 10, "percent_covered": 0.0, "percent_covered_display": "0", "missing_lines": 10, "excluded_lines": 0, "percent_statements_covered": 0.0, "percent_statements_covered_display": "0", "num_branches": 2, "num_partial_branches": 0, "covered_branches": 0, "missing_branches": 2, "percent_branches_covered": 0.0, "percent_branches_covered_display": "0"}, "missing_lines": [256, 258, 259, 261, 263, 264, 265, 267, 276, 277], "excluded_lines": [], "start_line": 254, "executed_branches": [], "missing_branches": [[263, 264], [263, 267]]}, "record_session": {"executed_lines": [], "summary": {"covered_lines": 0, "num_statements": 10, "percent_covered": 0.0, "percent_covered_display": "0", "missing_lines": 10, "excluded_lines": 0, "percent_statements_covered": 0.0, "percent_statements_covered_display": "0", "num_branches": 2, "num_partial_branches": 0, "covered_branches": 0, "missing_branches": 2, "percent_branches_covered": 0.0, "percent_branches_covered_display": "0"}, "missing_lines": [287, 289, 290, 292, 294, 295, 296, 298, 307, 308], "excluded_lines": [], "start_line": 285, "executed_branches": [], "missing_branches": [[294, 295], [294, 298]]}, "approve_spec_cmd": {"executed_lines": [], "summary": {"covered_lines": 0, "num_statements": 7, "percent_covered": 0.0, "percent_covered_display": "0", "missing_lines": 7, "excluded_lines": 0, "percent_statements_covered": 0.0, "percent_statements_covered_display": "0", "num_branches": 0, "num_partial_branches": 0, "covered_branches": 0, "missing_branches": 0, "percent_branches_covered": 100.0, "percent_branches_covered_display": "100"}, "missing_lines": [315, 316, 318, 320, 322, 329, 330], "excluded_lines": [], "start_line": 313, "executed_branches": [], "missing_branches": []}, "amend_plan_cmd": {"executed_lines": [], "summary": {"covered_lines": 0, "num_statements": 7, "percent_covered": 0.0, "percent_covered_display": "0", "missing_lines": 7, "excluded_lines": 0, "percent_statements_covered": 0.0, "percent_statements_covered_display": "0", "num_branches": 0, "num_partial_branches": 0, "covered_branches": 0, "missing_branches": 0, "percent_branches_covered": 100.0, "percent_branches_covered_display": "100"}, "missing_lines": [338, 339, 341, 343, 345, 353, 354], "excluded_lines": [], "start_line": 336, "executed_branches": [], "missing_branches": []}, "rebuild_state_cmd": {"executed_lines": [], "summary": {"covered_lines": 0, "num_statements": 7, "percent_covered": 0.0, "percent_covered_display": "0", "missing_lines": 7, "excluded_lines": 0, "percent_statements_covered": 0.0, "percent_statements_covered_display": "0", "num_branches": 0, "num_partial_branches": 0, "covered_branches": 0, "missing_branches": 0, "percent_branches_covered": 100.0, "percent_branches_covered_display": "100"}, "missing_lines": [361, 362, 364, 366, 368, 373, 374], "excluded_lines": [], "start_line": 359, "executed_branches": [], "missing_branches": []}, "resolve_cmd": {"executed_lines": [], "summary": {"covered_lines": 0, "num_statements": 2, "percent_covered": 0.0, "percent_covered_display": "0", "missing_lines": 2, "excluded_lines": 0, "percent_statements_covered": 0.0, "percent_statements_covered_display": "0", "num_branches": 0, "num_partial_branches": 0, "covered_branches": 0, "missing_branches": 0, "percent_branches_covered": 100.0, "percent_branches_covered_display": "100"}, "missing_lines": [385, 386], "excluded_lines": [], "start_line": 383, "executed_branches": [], "missing_branches": []}, "explain_cmd": {"executed_lines": [], "summary": {"covered_lines": 0, "num_statements": 5, "percent_covered": 0.0, "percent_covered_display": "0", "missing_lines": 5, "excluded_lines": 0, "percent_statements_covered": 0.0, "percent_statements_covered_display": "0", "num_branches": 2, "num_partial_branches": 0, "covered_branches": 0, "missing_branches": 2, "percent_branches_covered": 0.0, "percent_branches_covered_display": "0"}, "missing_lines": [397, 398, 399, 400, 401], "excluded_lines": [], "start_line": 395, "executed_branches": [], "missing_branches": [[399, 400], [399, 401]]}, "trace_cmd": {"executed_lines": [], "summary": {"covered_lines": 0, "num_statements": 5, "percent_covered": 0.0, "percent_covered_display": "0", "missing_lines": 5, "excluded_lines": 0, "percent_statements_covered": 0.0, "percent_statements_covered_display": "0", "num_branches": 2, "num_partial_branches": 0, "covered_branches": 0, "missing_branches": 2, "percent_branches_covered": 0.0, "percent_branches_covered_display": "0"}, "missing_lines": [412, 413, 414, 415, 416], "excluded_lines": [], "start_line": 410, "executed_branches": [], "missing_branches": [[414, 415], [414, 416]]}, "invariant_cmd": {"executed_lines": [], "summary": {"covered_lines": 0, "num_statements": 2, "percent_covered": 0.0, "percent_covered_display": "0", "missing_lines": 2, "excluded_lines": 0, "percent_statements_covered": 0.0, "percent_statements_covered_display": "0", "num_branches": 0, "num_partial_branches": 0, "covered_branches": 0, "missing_branches": 0, "percent_branches_covered": 100.0, "percent_branches_covered_display": "100"}, "missing_lines": [426, 427], "excluded_lines": [], "start_line": 424, "executed_branches": [], "missing_branches": []}, "rag_export_cmd": {"executed_lines": [], "summary": {"covered_lines": 0, "num_statements": 2, "percent_covered": 0.0, "percent_covered_display": "0", "missing_lines": 2, "excluded_lines": 0, "percent_statements_covered": 0.0, "percent_statements_covered_display": "0", "num_branches": 0, "num_partial_branches": 0, "covered_branches": 0, "missing_branches": 0, "percent_branches_covered": 100.0, "percent_branches_covered_display": "100"}, "missing_lines": [434, 435], "excluded_lines": [], "start_line": 432, "executed_branches": [], "missing_branches": []}, "test_filter_cmd": {"executed_lines": [], "summary": {"covered_lines": 0, "num_statements": 2, "percent_covered": 0.0, "percent_covered_display": "0", "missing_lines": 2, "excluded_lines": 0, "percent_statements_covered": 0.0, "percent_statements_covered_display": "0", "num_branches": 0, "num_partial_branches": 0, "covered_branches": 0, "missing_branches": 0, "percent_branches_covered": 100.0, "percent_branches_covered_display": "100"}, "missing_lines": [444, 445], "excluded_lines": [], "start_line": 442, "executed_branches": [], "missing_branches": []}, "graph_guard_cmd": {"executed_lines": [], "summary": {"covered_lines": 0, "num_statements": 2, "percent_covered": 0.0, "percent_covered_display": "0", "missing_lines": 2, "excluded_lines": 0, "percent_statements_covered": 0.0, "percent_statements_covered_display": "0", "num_branches": 0, "num_partial_branches": 0, "covered_branches": 0, "missing_branches": 0, "percent_branches_covered": 100.0, "percent_branches_covered_display": "100"}, "missing_lines": [452, 453], "excluded_lines": [], "start_line": 450, "executed_branches": [], "missing_branches": []}, "write_cmd": {"executed_lines": [], "summary": {"covered_lines": 0, "num_statements": 2, "percent_covered": 0.0, "percent_covered_display": "0", "missing_lines": 2, "excluded_lines": 0, "percent_statements_covered": 0.0, "percent_statements_covered_display": "0", "num_branches": 0, "num_partial_branches": 0, "covered_branches": 0, "missing_branches": 0, "percent_branches_covered": 100.0, "percent_branches_covered_display": "100"}, "missing_lines": [461, 462], "excluded_lines": [], "start_line": 459, "executed_branches": [], "missing_branches": []}, "_emit_json_error": {"executed_lines": [], "summary": {"covered_lines": 0, "num_statements": 2, "percent_covered": 0.0, "percent_covered_display": "0", "missing_lines": 2, "excluded_lines": 0, "percent_statements_covered": 0.0, "percent_statements_covered_display": "0", "num_branches": 0, "num_partial_branches": 0, "covered_branches": 0, "missing_branches": 0, "percent_branches_covered": 100.0, "percent_branches_covered_display": "100"}, "missing_lines": [466, 467], "excluded_lines": [], "start_line": 465, "executed_branches": [], "missing_branches": []}, "main": {"executed_lines": [], "summary": {"covered_lines": 0, "num_statements": 12, "percent_covered": 0.0, "percent_covered_display": "0", "missing_lines": 12, "excluded_lines": 0, "percent_statements_covered": 0.0, "percent_statements_covered_display": "0", "num_branches": 0, "num_partial_branches": 0, "covered_branches": 0, "missing_branches": 0, "percent_branches_covered": 100.0, "percent_branches_covered_display": "100"}, "missing_lines": [472, 473, 474, 475, 476, 477, 478, 479, 480, 481, 482, 483], "excluded_lines": [], "start_line": 470, "executed_branches": [], "missing_branches": []}, "": {"executed_lines": [], "summary": {"covered_lines": 0, "num_statements": 152, "percent_covered": 0.0, "percent_covered_display": "0", "missing_lines": 152, "excluded_lines": 0, "percent_statements_covered": 0.0, "percent_statements_covered_display": "0", "num_branches": 0, "num_partial_branches": 0, "covered_branches": 0, "missing_branches": 0, "percent_branches_covered": 100.0, "percent_branches_covered_display": "100"}, "missing_lines": [2, 4, 5, 6, 7, 8, 10, 12, 15, 20, 21, 22, 29, 30, 31, 37, 38, 39, 45, 46, 47, 53, 54, 55, 61, 62, 63, 69, 70, 71, 77, 78, 79, 85, 86, 87, 93, 94, 95, 101, 102, 103, 109, 110, 111, 117, 118, 119, 125, 126, 127, 128, 129, 130, 131, 146, 147, 148, 154, 155, 156, 162, 163, 164, 170, 182, 183, 184, 190, 191, 192, 198, 199, 200, 206, 207, 208, 214, 215, 216, 222, 223, 224, 230, 231, 232, 249, 250, 251, 252, 253, 254, 280, 281, 282, 283, 284, 285, 311, 312, 313, 333, 334, 335, 336, 357, 358, 359, 377, 378, 379, 380, 381, 382, 383, 389, 390, 391, 392, 393, 394, 395, 404, 405, 406, 407, 408, 409, 410, 419, 420, 421, 422, 423, 424, 430, 431, 432, 438, 439, 440, 441, 442, 448, 449, 450, 456, 457, 458, 459, 465, 470], "excluded_lines": [], "start_line": 1, "executed_branches": [], "missing_branches": []}}, "classes": {"": {"executed_lines": [], "summary": {"covered_lines": 0, "num_statements": 303, "percent_covered": 0.0, "percent_covered_display": "0", "missing_lines": 303, "excluded_lines": 0, "percent_statements_covered": 0.0, "percent_statements_covered_display": "0", "num_branches": 20, "num_partial_branches": 0, "covered_branches": 0, "missing_branches": 20, "percent_branches_covered": 0.0, "percent_branches_covered_display": "0"}, "missing_lines": [2, 4, 5, 6, 7, 8, 10, 12, 15, 16, 17, 20, 21, 22, 24, 25, 26, 29, 30, 31, 33, 34, 37, 38, 39, 41, 42, 45, 46, 47, 49, 50, 53, 54, 55, 57, 58, 61, 62, 63, 65, 66, 69, 70, 71, 73, 74, 77, 78, 79, 81, 82, 85, 86, 87, 89, 90, 93, 94, 95, 97, 98, 101, 102, 103, 105, 106, 109, 110, 111, 113, 114, 117, 118, 119, 121, 122, 125, 126, 127, 128, 129, 130, 131, 133, 134, 135, 136, 137, 138, 139, 140, 141, 142, 143, 146, 147, 148, 150, 151, 154, 155, 156, 158, 159, 162, 163, 164, 170, 172, 174, 175, 176, 177, 178, 179, 182, 183, 184, 186, 187, 190, 191, 192, 194, 195, 198, 199, 200, 202, 203, 206, 207, 208, 210, 211, 214, 215, 216, 218, 219, 222, 223, 224, 226, 227, 230, 231, 232, 234, 236, 238, 239, 240, 241, 242, 243, 244, 245, 246, 249, 250, 251, 252, 253, 254, 256, 258, 259, 261, 263, 264, 265, 267, 276, 277, 280, 281, 282, 283, 284, 285, 287, 289, 290, 292, 294, 295, 296, 298, 307, 308, 311, 312, 313, 315, 316, 318, 320, 322, 329, 330, 333, 334, 335, 336, 338, 339, 341, 343, 345, 353, 354, 357, 358, 359, 361, 362, 364, 366, 368, 373, 374, 377, 378, 379, 380, 381, 382, 383, 385, 386, 389, 390, 391, 392, 393, 394, 395, 397, 398, 399, 400, 401, 404, 405, 406, 407, 408, 409, 410, 412, 413, 414, 415, 416, 419, 420, 421, 422, 423, 424, 426, 427, 430, 431, 432, 434, 435, 438, 439, 440, 441, 442, 444, 445, 448, 449, 450, 452, 453, 456, 457, 458, 459, 461, 462, 465, 466, 467, 470, 472, 473, 474, 475, 476, 477, 478, 479, 480, 481, 482, 483], "excluded_lines": [], "start_line": 1, "executed_branches": [], "missing_branches": [[135, 136], [135, 137], [137, 138], [137, 139], [139, 140], [139, 141], [141, 142], [141, 143], [175, 176], [175, 177], [238, 239], [238, 246], [263, 264], [263, 267], [294, 295], [294, 298], [399, 400], [399, 401], [414, 415], [414, 416]]}}}, "src/sdd/commands/__init__.py": {"executed_lines": [4, 5, 6, 7, 17, 18, 20], "summary": {"covered_lines": 7, "num_statements": 7, "percent_covered": 100.0, "percent_covered_display": "100", "missing_lines": 0, "excluded_lines": 0, "percent_statements_covered": 100.0, "percent_statements_covered_display": "100", "num_branches": 0, "num_partial_branches": 0, "covered_branches": 0, "missing_branches": 0, "percent_branches_covered": 100.0, "percent_branches_covered_display": "100"}, "missing_lines": [], "excluded_lines": [], "executed_branches": [], "missing_branches": [], "functions": {"": {"executed_lines": [4, 5, 6, 7, 17, 18, 20], "summary": {"covered_lines": 7, "num_statements": 7, "percent_covered": 100.0, "percent_covered_display": "100", "missing_lines": 0, "excluded_lines": 0, "percent_statements_covered": 100.0, "percent_statements_covered_display": "100", "num_branches": 0, "num_partial_branches": 0, "covered_branches": 0, "missing_branches": 0, "percent_branches_covered": 100.0, "percent_branches_covered_display": "100"}, "missing_lines": [], "excluded_lines": [], "start_line": 1, "executed_branches": [], "missing_branches": []}}, "classes": {"": {"executed_lines": [4, 5, 6, 7, 17, 18, 20], "summary": {"covered_lines": 7, "num_statements": 7, "percent_covered": 100.0, "percent_covered_display": "100", "missing_lines": 0, "excluded_lines": 0, "percent_statements_covered": 100.0, "percent_statements_covered_display": "100", "num_branches": 0, "num_partial_branches": 0, "covered_branches": 0, "missing_branches": 0, "percent_branches_covered": 100.0, "percent_branches_covered_display": "100"}, "missing_lines": [], "excluded_lines": [], "start_line": 1, "executed_branches": [], "missing_branches": []}}}, "src/sdd/commands/_base.py": {"executed_lines": [5, 7, 8, 9, 10, 11, 12, 13, 14, 15, 16, 18, 19, 20, 21, 22, 24, 27, 31, 44, 56, 57, 58, 89, 90, 93, 137, 144, 147, 150, 169, 172, 175], "summary": {"covered_lines": 33, "num_statements": 78, "percent_covered": 35.869565217391305, "percent_covered_display": "36", "missing_lines": 45, "excluded_lines": 0, "percent_statements_covered": 42.30769230769231, "percent_statements_covered_display": "42", "num_branches": 14, "num_partial_branches": 0, "covered_branches": 0, "missing_branches": 14, "percent_branches_covered": 0.0, "percent_branches_covered_display": "0"}, "missing_lines": [33, 34, 35, 36, 37, 38, 39, 40, 41, 60, 61, 62, 63, 64, 65, 66, 67, 68, 73, 74, 87, 88, 104, 105, 106, 107, 108, 109, 110, 111, 112, 113, 126, 127, 128, 129, 134, 145, 148, 158, 159, 160, 161, 173, 176], "excluded_lines": [], "executed_branches": [], "missing_branches": [[34, 35], [34, 41], [35, 36], [35, 37], [38, 39], [38, 40], [60, 61], [60, 62], [105, -93], [105, 106], [106, 105], [106, 107], [159, 160], [159, 161]], "functions": {"command_payload_hash": {"executed_lines": [], "summary": {"covered_lines": 0, "num_statements": 9, "percent_covered": 0.0, "percent_covered_display": "0", "missing_lines": 9, "excluded_lines": 0, "percent_statements_covered": 0.0, "percent_statements_covered_display": "0", "num_branches": 6, "num_partial_branches": 0, "covered_branches": 0, "missing_branches": 6, "percent_branches_covered": 0.0, "percent_branches_covered_display": "0"}, "missing_lines": [33, 34, 35, 36, 37, 38, 39, 40, 41], "excluded_lines": [], "start_line": 31, "executed_branches": [], "missing_branches": [[34, 35], [34, 41], [35, 36], [35, 37], [38, 39], [38, 40]]}, "error_event_boundary": {"executed_lines": [56, 57, 90], "summary": {"covered_lines": 3, "num_statements": 3, "percent_covered": 100.0, "percent_covered_display": "100", "missing_lines": 0, "excluded_lines": 0, "percent_statements_covered": 100.0, "percent_statements_covered_display": "100", "num_branches": 0, "num_partial_branches": 0, "covered_branches": 0, "missing_branches": 0, "percent_branches_covered": 100.0, "percent_branches_covered_display": "100"}, "missing_lines": [], "excluded_lines": [], "start_line": 44, "executed_branches": [], "missing_branches": []}, "error_event_boundary.decorator": {"executed_lines": [58, 89], "summary": {"covered_lines": 2, "num_statements": 2, "percent_covered": 100.0, "percent_covered_display": "100", "missing_lines": 0, "excluded_lines": 0, "percent_statements_covered": 100.0, "percent_statements_covered_display": "100", "num_branches": 0, "num_partial_branches": 0, "covered_branches": 0, "missing_branches": 0, "percent_branches_covered": 100.0, "percent_branches_covered_display": "100"}, "missing_lines": [], "excluded_lines": [], "start_line": 56, "executed_branches": [], "missing_branches": []}, "error_event_boundary.decorator.wrapper": {"executed_lines": [], "summary": {"covered_lines": 0, "num_statements": 13, "percent_covered": 0.0, "percent_covered_display": "0", "missing_lines": 13, "excluded_lines": 0, "percent_statements_covered": 0.0, "percent_statements_covered_display": "0", "num_branches": 2, "num_partial_branches": 0, "covered_branches": 0, "missing_branches": 2, "percent_branches_covered": 0.0, "percent_branches_covered_display": "0"}, "missing_lines": [60, 61, 62, 63, 64, 65, 66, 67, 68, 73, 74, 87, 88], "excluded_lines": [], "start_line": 58, "executed_branches": [], "missing_branches": [[60, 61], [60, 62]]}, "apply_post_event_hooks": {"executed_lines": [], "summary": {"covered_lines": 0, "num_statements": 15, "percent_covered": 0.0, "percent_covered_display": "0", "missing_lines": 15, "excluded_lines": 0, "percent_statements_covered": 0.0, "percent_statements_covered_display": "0", "num_branches": 4, "num_partial_branches": 0, "covered_branches": 0, "missing_branches": 4, "percent_branches_covered": 0.0, "percent_branches_covered_display": "0"}, "missing_lines": [104, 105, 106, 107, 108, 109, 110, 111, 112, 113, 126, 127, 128, 129, 134], "excluded_lines": [], "start_line": 93, "executed_branches": [], "missing_branches": [[105, -93], [105, 106], [106, 105], [106, 107]]}, "CommandHandlerBase.__init__": {"executed_lines": [], "summary": {"covered_lines": 0, "num_statements": 1, "percent_covered": 0.0, "percent_covered_display": "0", "missing_lines": 1, "excluded_lines": 0, "percent_statements_covered": 0.0, "percent_statements_covered_display": "0", "num_branches": 0, "num_partial_branches": 0, "covered_branches": 0, "missing_branches": 0, "percent_branches_covered": 100.0, "percent_branches_covered_display": "100"}, "missing_lines": [145], "excluded_lines": [], "start_line": 144, "executed_branches": [], "missing_branches": []}, "CommandHandlerBase.handle": {"executed_lines": [], "summary": {"covered_lines": 0, "num_statements": 1, "percent_covered": 0.0, "percent_covered_display": "0", "missing_lines": 1, "excluded_lines": 0, "percent_statements_covered": 0.0, "percent_statements_covered_display": "0", "num_branches": 0, "num_partial_branches": 0, "covered_branches": 0, "missing_branches": 0, "percent_branches_covered": 100.0, "percent_branches_covered_display": "100"}, "missing_lines": [148], "excluded_lines": [], "start_line": 147, "executed_branches": [], "missing_branches": []}, "CommandHandlerBase._check_idempotent": {"executed_lines": [], "summary": {"covered_lines": 0, "num_statements": 4, "percent_covered": 0.0, "percent_covered_display": "0", "missing_lines": 4, "excluded_lines": 0, "percent_statements_covered": 0.0, "percent_statements_covered_display": "0", "num_branches": 2, "num_partial_branches": 0, "covered_branches": 0, "missing_branches": 2, "percent_branches_covered": 0.0, "percent_branches_covered_display": "0"}, "missing_lines": [158, 159, 160, 161], "excluded_lines": [], "start_line": 150, "executed_branches": [], "missing_branches": [[159, 160], [159, 161]]}, "NoOpHandler.__init__": {"executed_lines": [], "summary": {"covered_lines": 0, "num_statements": 1, "percent_covered": 0.0, "percent_covered_display": "0", "missing_lines": 1, "excluded_lines": 0, "percent_statements_covered": 0.0, "percent_statements_covered_display": "0", "num_branches": 0, "num_partial_branches": 0, "covered_branches": 0, "missing_branches": 0, "percent_branches_covered": 100.0, "percent_branches_covered_display": "100"}, "missing_lines": [173], "excluded_lines": [], "start_line": 172, "executed_branches": [], "missing_branches": []}, "NoOpHandler.handle": {"executed_lines": [], "summary": {"covered_lines": 0, "num_statements": 1, "percent_covered": 0.0, "percent_covered_display": "0", "missing_lines": 1, "excluded_lines": 0, "percent_statements_covered": 0.0, "percent_statements_covered_display": "0", "num_branches": 0, "num_partial_branches": 0, "covered_branches": 0, "missing_branches": 0, "percent_branches_covered": 100.0, "percent_branches_covered_display": "100"}, "missing_lines": [176], "excluded_lines": [], "start_line": 175, "executed_branches": [], "missing_branches": []}, "": {"executed_lines": [5, 7, 8, 9, 10, 11, 12, 13, 14, 15, 16, 18, 19, 20, 21, 22, 24, 27, 31, 44, 93, 137, 144, 147, 150, 169, 172, 175], "summary": {"covered_lines": 28, "num_statements": 28, "percent_covered": 100.0, "percent_covered_display": "100", "missing_lines": 0, "excluded_lines": 0, "percent_statements_covered": 100.0, "percent_statements_covered_display": "100", "num_branches": 0, "num_partial_branches": 0, "covered_branches": 0, "missing_branches": 0, "percent_branches_covered": 100.0, "percent_branches_covered_display": "100"}, "missing_lines": [], "excluded_lines": [], "start_line": 1, "executed_branches": [], "missing_branches": []}}, "classes": {"RecoverableError": {"executed_lines": [], "summary": {"covered_lines": 0, "num_statements": 0, "percent_covered": 100.0, "percent_covered_display": "100", "missing_lines": 0, "excluded_lines": 0, "percent_statements_covered": 100.0, "percent_statements_covered_display": "100", "num_branches": 0, "num_partial_branches": 0, "covered_branches": 0, "missing_branches": 0, "percent_branches_covered": 100.0, "percent_branches_covered_display": "100"}, "missing_lines": [], "excluded_lines": [], "start_line": 27, "executed_branches": [], "missing_branches": []}, "CommandHandlerBase": {"executed_lines": [], "summary": {"covered_lines": 0, "num_statements": 6, "percent_covered": 0.0, "percent_covered_display": "0", "missing_lines": 6, "excluded_lines": 0, "percent_statements_covered": 0.0, "percent_statements_covered_display": "0", "num_branches": 2, "num_partial_branches": 0, "covered_branches": 0, "missing_branches": 2, "percent_branches_covered": 0.0, "percent_branches_covered_display": "0"}, "missing_lines": [145, 148, 158, 159, 160, 161], "excluded_lines": [], "start_line": 137, "executed_branches": [], "missing_branches": [[159, 160], [159, 161]]}, "NoOpHandler": {"executed_lines": [], "summary": {"covered_lines": 0, "num_statements": 2, "percent_covered": 0.0, "percent_covered_display": "0", "missing_lines": 2, "excluded_lines": 0, "percent_statements_covered": 0.0, "percent_statements_covered_display": "0", "num_branches": 0, "num_partial_branches": 0, "covered_branches": 0, "missing_branches": 0, "percent_branches_covered": 100.0, "percent_branches_covered_display": "100"}, "missing_lines": [173, 176], "excluded_lines": [], "start_line": 169, "executed_branches": [], "missing_branches": []}, "": {"executed_lines": [5, 7, 8, 9, 10, 11, 12, 13, 14, 15, 16, 18, 19, 20, 21, 22, 24, 27, 31, 44, 56, 57, 58, 89, 90, 93, 137, 144, 147, 150, 169, 172, 175], "summary": {"covered_lines": 33, "num_statements": 70, "percent_covered": 40.24390243902439, "percent_covered_display": "40", "missing_lines": 37, "excluded_lines": 0, "percent_statements_covered": 47.142857142857146, "percent_statements_covered_display": "47", "num_branches": 12, "num_partial_branches": 0, "covered_branches": 0, "missing_branches": 12, "percent_branches_covered": 0.0, "percent_branches_covered_display": "0"}, "missing_lines": [33, 34, 35, 36, 37, 38, 39, 40, 41, 60, 61, 62, 63, 64, 65, 66, 67, 68, 73, 74, 87, 88, 104, 105, 106, 107, 108, 109, 110, 111, 112, 113, 126, 127, 128, 129, 134], "excluded_lines": [], "start_line": 1, "executed_branches": [], "missing_branches": [[34, 35], [34, 41], [35, 36], [35, 37], [38, 39], [38, 40], [60, 61], [60, 62], [105, -93], [105, 106], [106, 105], [106, 107]]}}}, "src/sdd/commands/activate_phase.py": {"executed_lines": [], "summary": {"covered_lines": 0, "num_statements": 101, "percent_covered": 0.0, "percent_covered_display": "0", "missing_lines": 101, "excluded_lines": 0, "percent_statements_covered": 0.0, "percent_statements_covered_display": "0", "num_branches": 18, "num_partial_branches": 0, "covered_branches": 0, "missing_branches": 18, "percent_branches_covered": 0.0, "percent_branches_covered_display": "0"}, "missing_lines": [6, 8, 9, 10, 11, 12, 13, 14, 15, 16, 17, 18, 20, 21, 22, 23, 24, 27, 28, 31, 37, 38, 39, 40, 41, 44, 47, 59, 60, 61, 62, 63, 64, 65, 66, 67, 70, 73, 84, 85, 86, 87, 91, 92, 98, 99, 100, 101, 102, 103, 104, 105, 106, 107, 108, 109, 111, 112, 115, 125, 126, 127, 131, 132, 134, 144, 161, 169, 170, 172, 173, 174, 175, 176, 177, 178, 180, 182, 184, 185, 186, 187, 188, 193, 194, 195, 196, 197, 198, 199, 200, 201, 202, 203, 217, 218, 219, 220, 221, 222, 223], "excluded_lines": [], "executed_branches": [], "missing_branches": [[62, 63], [62, 64], [64, 65], [64, 66], [66, 67], [66, 70], [84, 85], [84, 86], [86, 87], [86, 91], [91, -73], [91, 92], [126, 127], [126, 131], [172, 173], [172, 174], [187, 188], [187, 193]], "functions": {"_utc_now_iso": {"executed_lines": [], "summary": {"covered_lines": 0, "num_statements": 1, "percent_covered": 0.0, "percent_covered_display": "0", "missing_lines": 1, "excluded_lines": 0, "percent_statements_covered": 0.0, "percent_statements_covered_display": "0", "num_branches": 0, "num_partial_branches": 0, "covered_branches": 0, "missing_branches": 0, "percent_branches_covered": 100.0, "percent_branches_covered_display": "100"}, "missing_lines": [28], "excluded_lines": [], "start_line": 27, "executed_branches": [], "missing_branches": []}, "_compute_plan_hash": {"executed_lines": [], "summary": {"covered_lines": 0, "num_statements": 6, "percent_covered": 0.0, "percent_covered_display": "0", "missing_lines": 6, "excluded_lines": 0, "percent_statements_covered": 0.0, "percent_statements_covered_display": "0", "num_branches": 0, "num_partial_branches": 0, "covered_branches": 0, "missing_branches": 0, "percent_branches_covered": 100.0, "percent_branches_covered_display": "100"}, "missing_lines": [37, 38, 39, 40, 41, 44], "excluded_lines": [], "start_line": 31, "executed_branches": [], "missing_branches": []}, "_resolve_tasks_total": {"executed_lines": [], "summary": {"covered_lines": 0, "num_statements": 10, "percent_covered": 0.0, "percent_covered_display": "0", "missing_lines": 10, "excluded_lines": 0, "percent_statements_covered": 0.0, "percent_statements_covered_display": "0", "num_branches": 6, "num_partial_branches": 0, "covered_branches": 0, "missing_branches": 6, "percent_branches_covered": 0.0, "percent_branches_covered_display": "0"}, "missing_lines": [59, 60, 61, 62, 63, 64, 65, 66, 67, 70], "excluded_lines": [], "start_line": 47, "executed_branches": [], "missing_branches": [[62, 63], [62, 64], [64, 65], [64, 66], [66, 67], [66, 70]]}, "_check_anchor_guard": {"executed_lines": [], "summary": {"covered_lines": 0, "num_statements": 6, "percent_covered": 0.0, "percent_covered_display": "0", "missing_lines": 6, "excluded_lines": 0, "percent_statements_covered": 0.0, "percent_statements_covered_display": "0", "num_branches": 6, "num_partial_branches": 0, "covered_branches": 0, "missing_branches": 6, "percent_branches_covered": 0.0, "percent_branches_covered_display": "0"}, "missing_lines": [84, 85, 86, 87, 91, 92], "excluded_lines": [], "start_line": 73, "executed_branches": [], "missing_branches": [[84, 85], [84, 86], [86, 87], [86, 91], [91, -73], [91, 92]]}, "ActivatePhaseCommand.__post_init__": {"executed_lines": [], "summary": {"covered_lines": 0, "num_statements": 1, "percent_covered": 0.0, "percent_covered_display": "0", "missing_lines": 1, "excluded_lines": 0, "percent_statements_covered": 0.0, "percent_statements_covered_display": "0", "num_branches": 0, "num_partial_branches": 0, "covered_branches": 0, "missing_branches": 0, "percent_branches_covered": 100.0, "percent_branches_covered_display": "100"}, "missing_lines": [112], "excluded_lines": [], "start_line": 111, "executed_branches": [], "missing_branches": []}, "ActivatePhaseHandler.handle": {"executed_lines": [], "summary": {"covered_lines": 0, "num_statements": 7, "percent_covered": 0.0, "percent_covered_display": "0", "missing_lines": 7, "excluded_lines": 0, "percent_statements_covered": 0.0, "percent_statements_covered_display": "0", "num_branches": 2, "num_partial_branches": 0, "covered_branches": 0, "missing_branches": 2, "percent_branches_covered": 0.0, "percent_branches_covered_display": "0"}, "missing_lines": [126, 127, 131, 132, 134, 144, 161], "excluded_lines": [], "start_line": 125, "executed_branches": [], "missing_branches": [[126, 127], [126, 131]]}, "main": {"executed_lines": [], "summary": {"covered_lines": 0, "num_statements": 33, "percent_covered": 0.0, "percent_covered_display": "0", "missing_lines": 33, "excluded_lines": 0, "percent_statements_covered": 0.0, "percent_statements_covered_display": "0", "num_branches": 4, "num_partial_branches": 0, "covered_branches": 0, "missing_branches": 4, "percent_branches_covered": 0.0, "percent_branches_covered_display": "0"}, "missing_lines": [170, 172, 173, 174, 175, 176, 177, 178, 180, 182, 184, 185, 186, 187, 188, 193, 194, 195, 196, 197, 198, 199, 200, 201, 202, 203, 217, 218, 219, 220, 221, 222, 223], "excluded_lines": [], "start_line": 169, "executed_branches": [], "missing_branches": [[172, 173], [172, 174], [187, 188], [187, 193]]}, "": {"executed_lines": [], "summary": {"covered_lines": 0, "num_statements": 37, "percent_covered": 0.0, "percent_covered_display": "0", "missing_lines": 37, "excluded_lines": 0, "percent_statements_covered": 0.0, "percent_statements_covered_display": "0", "num_branches": 0, "num_partial_branches": 0, "covered_branches": 0, "missing_branches": 0, "percent_branches_covered": 100.0, "percent_branches_covered_display": "100"}, "missing_lines": [6, 8, 9, 10, 11, 12, 13, 14, 15, 16, 17, 18, 20, 21, 22, 23, 24, 27, 31, 47, 73, 98, 99, 100, 101, 102, 103, 104, 105, 106, 107, 108, 109, 111, 115, 125, 169], "excluded_lines": [], "start_line": 1, "executed_branches": [], "missing_branches": []}}, "classes": {"ActivatePhaseCommand": {"executed_lines": [], "summary": {"covered_lines": 0, "num_statements": 1, "percent_covered": 0.0, "percent_covered_display": "0", "missing_lines": 1, "excluded_lines": 0, "percent_statements_covered": 0.0, "percent_statements_covered_display": "0", "num_branches": 0, "num_partial_branches": 0, "covered_branches": 0, "missing_branches": 0, "percent_branches_covered": 100.0, "percent_branches_covered_display": "100"}, "missing_lines": [112], "excluded_lines": [], "start_line": 99, "executed_branches": [], "missing_branches": []}, "ActivatePhaseHandler": {"executed_lines": [], "summary": {"covered_lines": 0, "num_statements": 7, "percent_covered": 0.0, "percent_covered_display": "0", "missing_lines": 7, "excluded_lines": 0, "percent_statements_covered": 0.0, "percent_statements_covered_display": "0", "num_branches": 2, "num_partial_branches": 0, "covered_branches": 0, "missing_branches": 2, "percent_branches_covered": 0.0, "percent_branches_covered_display": "0"}, "missing_lines": [126, 127, 131, 132, 134, 144, 161], "excluded_lines": [], "start_line": 115, "executed_branches": [], "missing_branches": [[126, 127], [126, 131]]}, "": {"executed_lines": [], "summary": {"covered_lines": 0, "num_statements": 93, "percent_covered": 0.0, "percent_covered_display": "0", "missing_lines": 93, "excluded_lines": 0, "percent_statements_covered": 0.0, "percent_statements_covered_display": "0", "num_branches": 16, "num_partial_branches": 0, "covered_branches": 0, "missing_branches": 16, "percent_branches_covered": 0.0, "percent_branches_covered_display": "0"}, "missing_lines": [6, 8, 9, 10, 11, 12, 13, 14, 15, 16, 17, 18, 20, 21, 22, 23, 24, 27, 28, 31, 37, 38, 39, 40, 41, 44, 47, 59, 60, 61, 62, 63, 64, 65, 66, 67, 70, 73, 84, 85, 86, 87, 91, 92, 98, 99, 100, 101, 102, 103, 104, 105, 106, 107, 108, 109, 111, 115, 125, 169, 170, 172, 173, 174, 175, 176, 177, 178, 180, 182, 184, 185, 186, 187, 188, 193, 194, 195, 196, 197, 198, 199, 200, 201, 202, 203, 217, 218, 219, 220, 221, 222, 223], "excluded_lines": [], "start_line": 1, "executed_branches": [], "missing_branches": [[62, 63], [62, 64], [64, 65], [64, 66], [66, 67], [66, 70], [84, 85], [84, 86], [86, 87], [86, 91], [91, -73], [91, 92], [172, 173], [172, 174], [187, 188], [187, 193]]}}}, "src/sdd/commands/activate_plan.py": {"executed_lines": [], "summary": {"covered_lines": 0, "num_statements": 37, "percent_covered": 0.0, "percent_covered_display": "0", "missing_lines": 37, "excluded_lines": 0, "percent_statements_covered": 0.0, "percent_statements_covered_display": "0", "num_branches": 6, "num_partial_branches": 0, "covered_branches": 0, "missing_branches": 6, "percent_branches_covered": 0.0, "percent_branches_covered_display": "0"}, "missing_lines": [5, 7, 8, 9, 10, 11, 12, 13, 15, 16, 17, 18, 19, 20, 23, 24, 27, 28, 29, 30, 31, 32, 33, 35, 36, 39, 49, 50, 51, 52, 54, 55, 59, 60, 61, 63, 74], "excluded_lines": [], "executed_branches": [], "missing_branches": [[51, 52], [51, 54], [54, 55], [54, 59], [60, 61], [60, 63]], "functions": {"_utc_now_iso": {"executed_lines": [], "summary": {"covered_lines": 0, "num_statements": 1, "percent_covered": 0.0, "percent_covered_display": "0", "missing_lines": 1, "excluded_lines": 0, "percent_statements_covered": 0.0, "percent_statements_covered_display": "0", "num_branches": 0, "num_partial_branches": 0, "covered_branches": 0, "missing_branches": 0, "percent_branches_covered": 100.0, "percent_branches_covered_display": "100"}, "missing_lines": [24], "excluded_lines": [], "start_line": 23, "executed_branches": [], "missing_branches": []}, "ActivatePlanCommand.__post_init__": {"executed_lines": [], "summary": {"covered_lines": 0, "num_statements": 1, "percent_covered": 0.0, "percent_covered_display": "0", "missing_lines": 1, "excluded_lines": 0, "percent_statements_covered": 0.0, "percent_statements_covered_display": "0", "num_branches": 0, "num_partial_branches": 0, "covered_branches": 0, "missing_branches": 0, "percent_branches_covered": 100.0, "percent_branches_covered_display": "100"}, "missing_lines": [36], "excluded_lines": [], "start_line": 35, "executed_branches": [], "missing_branches": []}, "ActivatePlanHandler.handle": {"executed_lines": [], "summary": {"covered_lines": 0, "num_statements": 9, "percent_covered": 0.0, "percent_covered_display": "0", "missing_lines": 9, "excluded_lines": 0, "percent_statements_covered": 0.0, "percent_statements_covered_display": "0", "num_branches": 6, "num_partial_branches": 0, "covered_branches": 0, "missing_branches": 6, "percent_branches_covered": 0.0, "percent_branches_covered_display": "0"}, "missing_lines": [51, 52, 54, 55, 59, 60, 61, 63, 74], "excluded_lines": [], "start_line": 50, "executed_branches": [], "missing_branches": [[51, 52], [51, 54], [54, 55], [54, 59], [60, 61], [60, 63]]}, "": {"executed_lines": [], "summary": {"covered_lines": 0, "num_statements": 26, "percent_covered": 0.0, "percent_covered_display": "0", "missing_lines": 26, "excluded_lines": 0, "percent_statements_covered": 0.0, "percent_statements_covered_display": "0", "num_branches": 0, "num_partial_branches": 0, "covered_branches": 0, "missing_branches": 0, "percent_branches_covered": 100.0, "percent_branches_covered_display": "100"}, "missing_lines": [5, 7, 8, 9, 10, 11, 12, 13, 15, 16, 17, 18, 19, 20, 23, 27, 28, 29, 30, 31, 32, 33, 35, 39, 49, 50], "excluded_lines": [], "start_line": 1, "executed_branches": [], "missing_branches": []}}, "classes": {"ActivatePlanCommand": {"executed_lines": [], "summary": {"covered_lines": 0, "num_statements": 1, "percent_covered": 0.0, "percent_covered_display": "0", "missing_lines": 1, "excluded_lines": 0, "percent_statements_covered": 0.0, "percent_statements_covered_display": "0", "num_branches": 0, "num_partial_branches": 0, "covered_branches": 0, "missing_branches": 0, "percent_branches_covered": 100.0, "percent_branches_covered_display": "100"}, "missing_lines": [36], "excluded_lines": [], "start_line": 28, "executed_branches": [], "missing_branches": []}, "ActivatePlanHandler": {"executed_lines": [], "summary": {"covered_lines": 0, "num_statements": 9, "percent_covered": 0.0, "percent_covered_display": "0", "missing_lines": 9, "excluded_lines": 0, "percent_statements_covered": 0.0, "percent_statements_covered_display": "0", "num_branches": 6, "num_partial_branches": 0, "covered_branches": 0, "missing_branches": 6, "percent_branches_covered": 0.0, "percent_branches_covered_display": "0"}, "missing_lines": [51, 52, 54, 55, 59, 60, 61, 63, 74], "excluded_lines": [], "start_line": 39, "executed_branches": [], "missing_branches": [[51, 52], [51, 54], [54, 55], [54, 59], [60, 61], [60, 63]]}, "": {"executed_lines": [], "summary": {"covered_lines": 0, "num_statements": 27, "percent_covered": 0.0, "percent_covered_display": "0", "missing_lines": 27, "excluded_lines": 0, "percent_statements_covered": 0.0, "percent_statements_covered_display": "0", "num_branches": 0, "num_partial_branches": 0, "covered_branches": 0, "missing_branches": 0, "percent_branches_covered": 100.0, "percent_branches_covered_display": "100"}, "missing_lines": [5, 7, 8, 9, 10, 11, 12, 13, 15, 16, 17, 18, 19, 20, 23, 24, 27, 28, 29, 30, 31, 32, 33, 35, 39, 49, 50], "excluded_lines": [], "start_line": 1, "executed_branches": [], "missing_branches": []}}}, "src/sdd/commands/amend_plan.py": {"executed_lines": [], "summary": {"covered_lines": 0, "num_statements": 39, "percent_covered": 0.0, "percent_covered_display": "0", "missing_lines": 39, "excluded_lines": 0, "percent_statements_covered": 0.0, "percent_statements_covered_display": "0", "num_branches": 4, "num_partial_branches": 0, "covered_branches": 0, "missing_branches": 4, "percent_branches_covered": 0.0, "percent_branches_covered_display": "0"}, "missing_lines": [6, 8, 9, 10, 11, 12, 14, 15, 16, 17, 18, 19, 22, 23, 26, 29, 30, 31, 35, 46, 49, 50, 52, 53, 59, 66, 67, 68, 69, 70, 72, 74, 75, 79, 81, 97, 99, 101, 122], "excluded_lines": [], "executed_branches": [], "missing_branches": [[30, 31], [30, 35], [74, 75], [74, 79]], "functions": {"_utc_now_iso": {"executed_lines": [], "summary": {"covered_lines": 0, "num_statements": 1, "percent_covered": 0.0, "percent_covered_display": "0", "missing_lines": 1, "excluded_lines": 0, "percent_statements_covered": 0.0, "percent_statements_covered_display": "0", "num_branches": 0, "num_partial_branches": 0, "covered_branches": 0, "missing_branches": 0, "percent_branches_covered": 100.0, "percent_branches_covered_display": "100"}, "missing_lines": [23], "excluded_lines": [], "start_line": 22, "executed_branches": [], "missing_branches": []}, "_make_amend_plan_guard": {"executed_lines": [], "summary": {"covered_lines": 0, "num_statements": 2, "percent_covered": 0.0, "percent_covered_display": "0", "missing_lines": 2, "excluded_lines": 0, "percent_statements_covered": 0.0, "percent_statements_covered_display": "0", "num_branches": 0, "num_partial_branches": 0, "covered_branches": 0, "missing_branches": 0, "percent_branches_covered": 100.0, "percent_branches_covered_display": "100"}, "missing_lines": [29, 46], "excluded_lines": [], "start_line": 26, "executed_branches": [], "missing_branches": []}, "_make_amend_plan_guard.amend_plan_guard": {"executed_lines": [], "summary": {"covered_lines": 0, "num_statements": 3, "percent_covered": 0.0, "percent_covered_display": "0", "missing_lines": 3, "excluded_lines": 0, "percent_statements_covered": 0.0, "percent_statements_covered_display": "0", "num_branches": 2, "num_partial_branches": 0, "covered_branches": 0, "missing_branches": 2, "percent_branches_covered": 0.0, "percent_branches_covered_display": "0"}, "missing_lines": [30, 31, 35], "excluded_lines": [], "start_line": 29, "executed_branches": [], "missing_branches": [[30, 31], [30, 35]]}, "_amend_plan_guard_factory": {"executed_lines": [], "summary": {"covered_lines": 0, "num_statements": 3, "percent_covered": 0.0, "percent_covered_display": "0", "missing_lines": 3, "excluded_lines": 0, "percent_statements_covered": 0.0, "percent_statements_covered_display": "0", "num_branches": 0, "num_partial_branches": 0, "covered_branches": 0, "missing_branches": 0, "percent_branches_covered": 100.0, "percent_branches_covered_display": "100"}, "missing_lines": [50, 52, 53], "excluded_lines": [], "start_line": 49, "executed_branches": [], "missing_branches": []}, "AmendPlanHandler.handle": {"executed_lines": [], "summary": {"covered_lines": 0, "num_statements": 8, "percent_covered": 0.0, "percent_covered_display": "0", "missing_lines": 8, "excluded_lines": 0, "percent_statements_covered": 0.0, "percent_statements_covered_display": "0", "num_branches": 2, "num_partial_branches": 0, "covered_branches": 0, "missing_branches": 2, "percent_branches_covered": 0.0, "percent_branches_covered_display": "0"}, "missing_lines": [68, 69, 70, 72, 74, 75, 79, 81], "excluded_lines": [], "start_line": 67, "executed_branches": [], "missing_branches": [[74, 75], [74, 79]]}, "_build_amend_plan_spec": {"executed_lines": [], "summary": {"covered_lines": 0, "num_statements": 2, "percent_covered": 0.0, "percent_covered_display": "0", "missing_lines": 2, "excluded_lines": 0, "percent_statements_covered": 0.0, "percent_statements_covered_display": "0", "num_branches": 0, "num_partial_branches": 0, "covered_branches": 0, "missing_branches": 0, "percent_branches_covered": 100.0, "percent_branches_covered_display": "100"}, "missing_lines": [99, 101], "excluded_lines": [], "start_line": 97, "executed_branches": [], "missing_branches": []}, "": {"executed_lines": [], "summary": {"covered_lines": 0, "num_statements": 20, "percent_covered": 0.0, "percent_covered_display": "0", "missing_lines": 20, "excluded_lines": 0, "percent_statements_covered": 0.0, "percent_statements_covered_display": "0", "num_branches": 0, "num_partial_branches": 0, "covered_branches": 0, "missing_branches": 0, "percent_branches_covered": 100.0, "percent_branches_covered_display": "100"}, "missing_lines": [6, 8, 9, 10, 11, 12, 14, 15, 16, 17, 18, 19, 22, 26, 49, 59, 66, 67, 97, 122], "excluded_lines": [], "start_line": 1, "executed_branches": [], "missing_branches": []}}, "classes": {"AmendPlanHandler": {"executed_lines": [], "summary": {"covered_lines": 0, "num_statements": 8, "percent_covered": 0.0, "percent_covered_display": "0", "missing_lines": 8, "excluded_lines": 0, "percent_statements_covered": 0.0, "percent_statements_covered_display": "0", "num_branches": 2, "num_partial_branches": 0, "covered_branches": 0, "missing_branches": 2, "percent_branches_covered": 0.0, "percent_branches_covered_display": "0"}, "missing_lines": [68, 69, 70, 72, 74, 75, 79, 81], "excluded_lines": [], "start_line": 59, "executed_branches": [], "missing_branches": [[74, 75], [74, 79]]}, "": {"executed_lines": [], "summary": {"covered_lines": 0, "num_statements": 31, "percent_covered": 0.0, "percent_covered_display": "0", "missing_lines": 31, "excluded_lines": 0, "percent_statements_covered": 0.0, "percent_statements_covered_display": "0", "num_branches": 2, "num_partial_branches": 0, "covered_branches": 0, "missing_branches": 2, "percent_branches_covered": 0.0, "percent_branches_covered_display": "0"}, "missing_lines": [6, 8, 9, 10, 11, 12, 14, 15, 16, 17, 18, 19, 22, 23, 26, 29, 30, 31, 35, 46, 49, 50, 52, 53, 59, 66, 67, 97, 99, 101, 122], "excluded_lines": [], "start_line": 1, "executed_branches": [], "missing_branches": [[30, 31], [30, 35]]}}}, "src/sdd/commands/analytics_refresh.py": {"executed_lines": [], "summary": {"covered_lines": 0, "num_statements": 49, "percent_covered": 0.0, "percent_covered_display": "0", "missing_lines": 49, "excluded_lines": 0, "percent_statements_covered": 0.0, "percent_statements_covered_display": "0", "num_branches": 6, "num_partial_branches": 0, "covered_branches": 0, "missing_branches": 6, "percent_branches_covered": 0.0, "percent_branches_covered_display": "0"}, "missing_lines": [5, 7, 8, 9, 10, 11, 12, 14, 15, 16, 19, 24, 29, 34, 40, 48, 49, 52, 53, 56, 63, 64, 65, 66, 67, 69, 70, 72, 74, 75, 76, 77, 78, 79, 80, 82, 84, 98, 100, 102, 106, 111, 117, 119, 121, 129, 130, 133, 134], "excluded_lines": [], "executed_branches": [], "missing_branches": [[69, 70], [69, 72], [78, 79], [78, 80], [133, -1], [133, 134]], "functions": {"AnalyticsRefreshHandler.handle": {"executed_lines": [], "summary": {"covered_lines": 0, "num_statements": 15, "percent_covered": 0.0, "percent_covered_display": "0", "missing_lines": 15, "excluded_lines": 0, "percent_statements_covered": 0.0, "percent_statements_covered_display": "0", "num_branches": 4, "num_partial_branches": 0, "covered_branches": 0, "missing_branches": 4, "percent_branches_covered": 0.0, "percent_branches_covered_display": "0"}, "missing_lines": [65, 66, 67, 69, 70, 72, 74, 75, 76, 77, 78, 79, 80, 82, 84], "excluded_lines": [], "start_line": 64, "executed_branches": [], "missing_branches": [[69, 70], [69, 72], [78, 79], [78, 80]]}, "main": {"executed_lines": [], "summary": {"covered_lines": 0, "num_statements": 9, "percent_covered": 0.0, "percent_covered_display": "0", "missing_lines": 9, "excluded_lines": 0, "percent_statements_covered": 0.0, "percent_statements_covered_display": "0", "num_branches": 0, "num_partial_branches": 0, "covered_branches": 0, "missing_branches": 0, "percent_branches_covered": 100.0, "percent_branches_covered_display": "100"}, "missing_lines": [100, 102, 106, 111, 117, 119, 121, 129, 130], "excluded_lines": [], "start_line": 98, "executed_branches": [], "missing_branches": []}, "": {"executed_lines": [], "summary": {"covered_lines": 0, "num_statements": 25, "percent_covered": 0.0, "percent_covered_display": "0", "missing_lines": 25, "excluded_lines": 0, "percent_statements_covered": 0.0, "percent_statements_covered_display": "0", "num_branches": 2, "num_partial_branches": 0, "covered_branches": 0, "missing_branches": 2, "percent_branches_covered": 0.0, "percent_branches_covered_display": "0"}, "missing_lines": [5, 7, 8, 9, 10, 11, 12, 14, 15, 16, 19, 24, 29, 34, 40, 48, 49, 52, 53, 56, 63, 64, 98, 133, 134], "excluded_lines": [], "start_line": 1, "executed_branches": [], "missing_branches": [[133, -1], [133, 134]]}}, "classes": {"AnalyticsRefreshedEvent": {"executed_lines": [], "summary": {"covered_lines": 0, "num_statements": 0, "percent_covered": 100.0, "percent_covered_display": "100", "missing_lines": 0, "excluded_lines": 0, "percent_statements_covered": 100.0, "percent_statements_covered_display": "100", "num_branches": 0, "num_partial_branches": 0, "covered_branches": 0, "missing_branches": 0, "percent_branches_covered": 100.0, "percent_branches_covered_display": "100"}, "missing_lines": [], "excluded_lines": [], "start_line": 49, "executed_branches": [], "missing_branches": []}, "AnalyticsRefreshHandler": {"executed_lines": [], "summary": {"covered_lines": 0, "num_statements": 15, "percent_covered": 0.0, "percent_covered_display": "0", "missing_lines": 15, "excluded_lines": 0, "percent_statements_covered": 0.0, "percent_statements_covered_display": "0", "num_branches": 4, "num_partial_branches": 0, "covered_branches": 0, "missing_branches": 4, "percent_branches_covered": 0.0, "percent_branches_covered_display": "0"}, "missing_lines": [65, 66, 67, 69, 70, 72, 74, 75, 76, 77, 78, 79, 80, 82, 84], "excluded_lines": [], "start_line": 56, "executed_branches": [], "missing_branches": [[69, 70], [69, 72], [78, 79], [78, 80]]}, "": {"executed_lines": [], "summary": {"covered_lines": 0, "num_statements": 34, "percent_covered": 0.0, "percent_covered_display": "0", "missing_lines": 34, "excluded_lines": 0, "percent_statements_covered": 0.0, "percent_statements_covered_display": "0", "num_branches": 2, "num_partial_branches": 0, "covered_branches": 0, "missing_branches": 2, "percent_branches_covered": 0.0, "percent_branches_covered_display": "0"}, "missing_lines": [5, 7, 8, 9, 10, 11, 12, 14, 15, 16, 19, 24, 29, 34, 40, 48, 49, 52, 53, 56, 63, 64, 98, 100, 102, 106, 111, 117, 119, 121, 129, 130, 133, 134], "excluded_lines": [], "start_line": 1, "executed_branches": [], "missing_branches": [[133, -1], [133, 134]]}}}, "src/sdd/commands/approve_spec.py": {"executed_lines": [], "summary": {"covered_lines": 0, "num_statements": 30, "percent_covered": 0.0, "percent_covered_display": "0", "missing_lines": 30, "excluded_lines": 0, "percent_statements_covered": 0.0, "percent_statements_covered_display": "0", "num_branches": 4, "num_partial_branches": 0, "covered_branches": 0, "missing_branches": 4, "percent_branches_covered": 0.0, "percent_branches_covered_display": "0"}, "missing_lines": [6, 8, 9, 10, 11, 12, 14, 15, 16, 17, 20, 21, 24, 31, 32, 33, 34, 36, 37, 38, 40, 41, 45, 46, 50, 52, 68, 70, 72, 94], "excluded_lines": [], "executed_branches": [], "missing_branches": [[40, 41], [40, 45], [45, 46], [45, 50]], "functions": {"_utc_now_iso": {"executed_lines": [], "summary": {"covered_lines": 0, "num_statements": 1, "percent_covered": 0.0, "percent_covered_display": "0", "missing_lines": 1, "excluded_lines": 0, "percent_statements_covered": 0.0, "percent_statements_covered_display": "0", "num_branches": 0, "num_partial_branches": 0, "covered_branches": 0, "missing_branches": 0, "percent_branches_covered": 100.0, "percent_branches_covered_display": "100"}, "missing_lines": [21], "excluded_lines": [], "start_line": 20, "executed_branches": [], "missing_branches": []}, "ApproveSpecHandler.handle": {"executed_lines": [], "summary": {"covered_lines": 0, "num_statements": 11, "percent_covered": 0.0, "percent_covered_display": "0", "missing_lines": 11, "excluded_lines": 0, "percent_statements_covered": 0.0, "percent_statements_covered_display": "0", "num_branches": 4, "num_partial_branches": 0, "covered_branches": 0, "missing_branches": 4, "percent_branches_covered": 0.0, "percent_branches_covered_display": "0"}, "missing_lines": [33, 34, 36, 37, 38, 40, 41, 45, 46, 50, 52], "excluded_lines": [], "start_line": 32, "executed_branches": [], "missing_branches": [[40, 41], [40, 45], [45, 46], [45, 50]]}, "_build_approve_spec_spec": {"executed_lines": [], "summary": {"covered_lines": 0, "num_statements": 2, "percent_covered": 0.0, "percent_covered_display": "0", "missing_lines": 2, "excluded_lines": 0, "percent_statements_covered": 0.0, "percent_statements_covered_display": "0", "num_branches": 0, "num_partial_branches": 0, "covered_branches": 0, "missing_branches": 0, "percent_branches_covered": 100.0, "percent_branches_covered_display": "100"}, "missing_lines": [70, 72], "excluded_lines": [], "start_line": 68, "executed_branches": [], "missing_branches": []}, "": {"executed_lines": [], "summary": {"covered_lines": 0, "num_statements": 16, "percent_covered": 0.0, "percent_covered_display": "0", "missing_lines": 16, "excluded_lines": 0, "percent_statements_covered": 0.0, "percent_statements_covered_display": "0", "num_branches": 0, "num_partial_branches": 0, "covered_branches": 0, "missing_branches": 0, "percent_branches_covered": 100.0, "percent_branches_covered_display": "100"}, "missing_lines": [6, 8, 9, 10, 11, 12, 14, 15, 16, 17, 20, 24, 31, 32, 68, 94], "excluded_lines": [], "start_line": 1, "executed_branches": [], "missing_branches": []}}, "classes": {"ApproveSpecHandler": {"executed_lines": [], "summary": {"covered_lines": 0, "num_statements": 11, "percent_covered": 0.0, "percent_covered_display": "0", "missing_lines": 11, "excluded_lines": 0, "percent_statements_covered": 0.0, "percent_statements_covered_display": "0", "num_branches": 4, "num_partial_branches": 0, "covered_branches": 0, "missing_branches": 4, "percent_branches_covered": 0.0, "percent_branches_covered_display": "0"}, "missing_lines": [33, 34, 36, 37, 38, 40, 41, 45, 46, 50, 52], "excluded_lines": [], "start_line": 24, "executed_branches": [], "missing_branches": [[40, 41], [40, 45], [45, 46], [45, 50]]}, "": {"executed_lines": [], "summary": {"covered_lines": 0, "num_statements": 19, "percent_covered": 0.0, "percent_covered_display": "0", "missing_lines": 19, "excluded_lines": 0, "percent_statements_covered": 0.0, "percent_statements_covered_display": "0", "num_branches": 0, "num_partial_branches": 0, "covered_branches": 0, "missing_branches": 0, "percent_branches_covered": 100.0, "percent_branches_covered_display": "100"}, "missing_lines": [6, 8, 9, 10, 11, 12, 14, 15, 16, 17, 20, 21, 24, 31, 32, 68, 70, 72, 94], "excluded_lines": [], "start_line": 1, "executed_branches": [], "missing_branches": []}}}, "src/sdd/commands/bootstrap_complete.py": {"executed_lines": [], "summary": {"covered_lines": 0, "num_statements": 67, "percent_covered": 0.0, "percent_covered_display": "0", "missing_lines": 67, "excluded_lines": 0, "percent_statements_covered": 0.0, "percent_statements_covered_display": "0", "num_branches": 24, "num_partial_branches": 0, "covered_branches": 0, "missing_branches": 24, "percent_branches_covered": 0.0, "percent_branches_covered_display": "0"}, "missing_lines": [13, 15, 16, 17, 18, 21, 22, 25, 27, 28, 29, 30, 31, 32, 33, 34, 35, 36, 37, 38, 39, 40, 41, 42, 43, 44, 47, 48, 49, 51, 52, 53, 55, 57, 58, 59, 60, 63, 64, 65, 66, 67, 70, 71, 72, 74, 75, 76, 80, 82, 83, 86, 87, 92, 95, 96, 97, 100, 101, 102, 103, 104, 110, 113, 116, 118, 119], "excluded_lines": [], "executed_branches": [], "missing_branches": [[32, 33], [32, 42], [34, 35], [34, 36], [36, 37], [36, 41], [38, 39], [38, 41], [48, 49], [48, 51], [51, 52], [51, 55], [70, 71], [70, 74], [75, 76], [75, 82], [86, 87], [86, 95], [95, 96], [95, 100], [101, 102], [101, 113], [103, 101], [103, 104]], "functions": {"_mark_done_in_file": {"executed_lines": [], "summary": {"covered_lines": 0, "num_statements": 18, "percent_covered": 0.0, "percent_covered_display": "0", "missing_lines": 18, "excluded_lines": 0, "percent_statements_covered": 0.0, "percent_statements_covered_display": "0", "num_branches": 8, "num_partial_branches": 0, "covered_branches": 0, "missing_branches": 8, "percent_branches_covered": 0.0, "percent_branches_covered_display": "0"}, "missing_lines": [27, 28, 29, 30, 31, 32, 33, 34, 35, 36, 37, 38, 39, 40, 41, 42, 43, 44], "excluded_lines": [], "start_line": 25, "executed_branches": [], "missing_branches": [[32, 33], [32, 42], [34, 35], [34, 36], [36, 37], [36, 41], [38, 39], [38, 41]]}, "main": {"executed_lines": [], "summary": {"covered_lines": 0, "num_statements": 40, "percent_covered": 0.0, "percent_covered_display": "0", "missing_lines": 40, "excluded_lines": 0, "percent_statements_covered": 0.0, "percent_statements_covered_display": "0", "num_branches": 16, "num_partial_branches": 0, "covered_branches": 0, "missing_branches": 16, "percent_branches_covered": 0.0, "percent_branches_covered_display": "0"}, "missing_lines": [48, 49, 51, 52, 53, 55, 57, 58, 59, 60, 63, 64, 65, 66, 67, 70, 71, 72, 74, 75, 76, 80, 82, 83, 86, 87, 92, 95, 96, 97, 100, 101, 102, 103, 104, 110, 113, 116, 118, 119], "excluded_lines": [], "start_line": 47, "executed_branches": [], "missing_branches": [[48, 49], [48, 51], [51, 52], [51, 55], [70, 71], [70, 74], [75, 76], [75, 82], [86, 87], [86, 95], [95, 96], [95, 100], [101, 102], [101, 113], [103, 101], [103, 104]]}, "": {"executed_lines": [], "summary": {"covered_lines": 0, "num_statements": 9, "percent_covered": 0.0, "percent_covered_display": "0", "missing_lines": 9, "excluded_lines": 0, "percent_statements_covered": 0.0, "percent_statements_covered_display": "0", "num_branches": 0, "num_partial_branches": 0, "covered_branches": 0, "missing_branches": 0, "percent_branches_covered": 100.0, "percent_branches_covered_display": "100"}, "missing_lines": [13, 15, 16, 17, 18, 21, 22, 25, 47], "excluded_lines": [], "start_line": 1, "executed_branches": [], "missing_branches": []}}, "classes": {"": {"executed_lines": [], "summary": {"covered_lines": 0, "num_statements": 67, "percent_covered": 0.0, "percent_covered_display": "0", "missing_lines": 67, "excluded_lines": 0, "percent_statements_covered": 0.0, "percent_statements_covered_display": "0", "num_branches": 24, "num_partial_branches": 0, "covered_branches": 0, "missing_branches": 24, "percent_branches_covered": 0.0, "percent_branches_covered_display": "0"}, "missing_lines": [13, 15, 16, 17, 18, 21, 22, 25, 27, 28, 29, 30, 31, 32, 33, 34, 35, 36, 37, 38, 39, 40, 41, 42, 43, 44, 47, 48, 49, 51, 52, 53, 55, 57, 58, 59, 60, 63, 64, 65, 66, 67, 70, 71, 72, 74, 75, 76, 80, 82, 83, 86, 87, 92, 95, 96, 97, 100, 101, 102, 103, 104, 110, 113, 116, 118, 119], "excluded_lines": [], "start_line": 1, "executed_branches": [], "missing_branches": [[32, 33], [32, 42], [34, 35], [34, 36], [36, 37], [36, 41], [38, 39], [38, 41], [48, 49], [48, 51], [51, 52], [51, 55], [70, 71], [70, 74], [75, 76], [75, 82], [86, 87], [86, 95], [95, 96], [95, 100], [101, 102], [101, 113], [103, 101], [103, 104]]}}}, "src/sdd/commands/complete.py": {"executed_lines": [], "summary": {"covered_lines": 0, "num_statements": 8, "percent_covered": 0.0, "percent_covered_display": "0", "missing_lines": 8, "excluded_lines": 0, "percent_statements_covered": 0.0, "percent_statements_covered_display": "0", "num_branches": 2, "num_partial_branches": 0, "covered_branches": 0, "missing_branches": 2, "percent_branches_covered": 0.0, "percent_branches_covered_display": "0"}, "missing_lines": [6, 8, 9, 12, 14, 15, 16, 17], "excluded_lines": [], "executed_branches": [], "missing_branches": [[16, -12], [16, 17]], "functions": {"_check_deps": {"executed_lines": [], "summary": {"covered_lines": 0, "num_statements": 4, "percent_covered": 0.0, "percent_covered_display": "0", "missing_lines": 4, "excluded_lines": 0, "percent_statements_covered": 0.0, "percent_statements_covered_display": "0", "num_branches": 2, "num_partial_branches": 0, "covered_branches": 0, "missing_branches": 2, "percent_branches_covered": 0.0, "percent_branches_covered_display": "0"}, "missing_lines": [14, 15, 16, 17], "excluded_lines": [], "start_line": 12, "executed_branches": [], "missing_branches": [[16, -12], [16, 17]]}, "": {"executed_lines": [], "summary": {"covered_lines": 0, "num_statements": 4, "percent_covered": 0.0, "percent_covered_display": "0", "missing_lines": 4, "excluded_lines": 0, "percent_statements_covered": 0.0, "percent_statements_covered_display": "0", "num_branches": 0, "num_partial_branches": 0, "covered_branches": 0, "missing_branches": 0, "percent_branches_covered": 100.0, "percent_branches_covered_display": "100"}, "missing_lines": [6, 8, 9, 12], "excluded_lines": [], "start_line": 1, "executed_branches": [], "missing_branches": []}}, "classes": {"": {"executed_lines": [], "summary": {"covered_lines": 0, "num_statements": 8, "percent_covered": 0.0, "percent_covered_display": "0", "missing_lines": 8, "excluded_lines": 0, "percent_statements_covered": 0.0, "percent_statements_covered_display": "0", "num_branches": 2, "num_partial_branches": 0, "covered_branches": 0, "missing_branches": 2, "percent_branches_covered": 0.0, "percent_branches_covered_display": "0"}, "missing_lines": [6, 8, 9, 12, 14, 15, 16, 17], "excluded_lines": [], "start_line": 1, "executed_branches": [], "missing_branches": [[16, -12], [16, 17]]}}}, "src/sdd/commands/init_project.py": {"executed_lines": [], "summary": {"covered_lines": 0, "num_statements": 38, "percent_covered": 0.0, "percent_covered_display": "0", "missing_lines": 38, "excluded_lines": 0, "percent_statements_covered": 0.0, "percent_statements_covered_display": "0", "num_branches": 4, "num_partial_branches": 0, "covered_branches": 0, "missing_branches": 4, "percent_branches_covered": 0.0, "percent_branches_covered_display": "0"}, "missing_lines": [5, 7, 8, 9, 10, 11, 13, 14, 15, 17, 19, 30, 31, 33, 34, 35, 38, 45, 46, 47, 48, 49, 51, 52, 53, 54, 58, 59, 61, 62, 63, 65, 66, 68, 69, 75, 77, 79], "excluded_lines": [], "executed_branches": [], "missing_branches": [[51, 52], [51, 53], [53, 54], [53, 58]], "functions": {"InitProjectHandler.handle": {"executed_lines": [], "summary": {"covered_lines": 0, "num_statements": 19, "percent_covered": 0.0, "percent_covered_display": "0", "missing_lines": 19, "excluded_lines": 0, "percent_statements_covered": 0.0, "percent_statements_covered_display": "0", "num_branches": 4, "num_partial_branches": 0, "covered_branches": 0, "missing_branches": 4, "percent_branches_covered": 0.0, "percent_branches_covered_display": "0"}, "missing_lines": [47, 48, 49, 51, 52, 53, 54, 58, 59, 61, 62, 63, 65, 66, 68, 69, 75, 77, 79], "excluded_lines": [], "start_line": 46, "executed_branches": [], "missing_branches": [[51, 52], [51, 53], [53, 54], [53, 58]]}, "": {"executed_lines": [], "summary": {"covered_lines": 0, "num_statements": 19, "percent_covered": 0.0, "percent_covered_display": "0", "missing_lines": 19, "excluded_lines": 0, "percent_statements_covered": 0.0, "percent_statements_covered_display": "0", "num_branches": 0, "num_partial_branches": 0, "covered_branches": 0, "missing_branches": 0, "percent_branches_covered": 100.0, "percent_branches_covered_display": "100"}, "missing_lines": [5, 7, 8, 9, 10, 11, 13, 14, 15, 17, 19, 30, 31, 33, 34, 35, 38, 45, 46], "excluded_lines": [], "start_line": 1, "executed_branches": [], "missing_branches": []}}, "classes": {"ProjectInitializedEvent": {"executed_lines": [], "summary": {"covered_lines": 0, 
[...]
red": 0.0, "percent_branches_covered_display": "0"}, "missing_lines": [309, 310, 311, 312, 313, 314, 315, 316, 317, 318, 319], "excluded_lines": [], "start_line": 308, "executed_branches": [], "missing_branches": [[309, 310], [309, 311], [311, 312], [311, 313], [314, 315], [314, 319], [316, 317], [316, 318]]}, "_search_keys": {"executed_lines": [], "summary": {"covered_lines": 0, "num_statements": 6, "percent_covered": 0.0, "percent_covered_display": "0", "missing_lines": 6, "excluded_lines": 0, "percent_statements_covered": 0.0, "percent_statements_covered_display": "0", "num_branches": 4, "num_partial_branches": 0, "covered_branches": 0, "missing_branches": 4, "percent_branches_covered": 0.0, "percent_branches_covered_display": "0"}, "missing_lines": [324, 325, 326, 327, 328, 329], "excluded_lines": [], "start_line": 322, "executed_branches": [], "missing_branches": [[325, 326], [325, 327], [327, 328], [327, 329]]}, "Navigator.__init__": {"executed_lines": [], "summary": {"covered_lines": 0, "num_statements": 3, "percent_covered": 0.0, "percent_covered_display": "0", "missing_lines": 3, "excluded_lines": 0, "percent_statements_covered": 0.0, "percent_statements_covered_display": "0", "num_branches": 0, "num_partial_branches": 0, "covered_branches": 0, "missing_branches": 0, "percent_branches_covered": 100.0, "percent_branches_covered_display": "100"}, "missing_lines": [341, 342, 343], "excluded_lines": [], "start_line": 335, "executed_branches": [], "missing_branches": []}, "Navigator.resolve": {"executed_lines": [], "summary": {"covered_lines": 0, "num_statements": 9, "percent_covered": 0.0, "percent_covered_display": "0", "missing_lines": 9, "excluded_lines": 0, "percent_statements_covered": 0.0, "percent_statements_covered_display": "0", "num_branches": 6, "num_partial_branches": 0, "covered_branches": 0, "missing_branches": 6, "percent_branches_covered": 0.0, "percent_branches_covered_display": "0"}, "missing_lines": [352, 353, 355, 357, 358, 359, 360, 361, 373], "excluded_lines": [], "start_line": 345, "executed_branches": [], "missing_branches": [[352, 353], [352, 355], [357, 358], [357, 373], [359, 360], [359, 373]]}, "Navigator._build_response": {"executed_lines": [], "summary": {"covered_lines": 0, "num_statements": 25, "percent_covered": 0.0, "percent_covered_display": "0", "missing_lines": 25, "excluded_lines": 0, "percent_statements_covered": 0.0, "percent_statements_covered_display": "0", "num_branches": 12, "num_partial_branches": 0, "covered_branches": 0, "missing_branches": 12, "percent_branches_covered": 0.0, "percent_branches_covered_display": "0"}, "missing_lines": [376, 382, 383, 385, 386, 387, 388, 389, 391, 392, 393, 396, 397, 398, 399, 400, 401, 402, 403, 404, 405, 406, 407, 408, 409], "excluded_lines": [], "start_line": 375, "executed_branches": [], "missing_branches": [[382, 383], [382, 385], [388, 389], [388, 391], [392, 393], [392, 396], [397, 398], [397, 401], [401, 402], [401, 409], [404, 405], [404, 406]]}, "Navigator.search": {"executed_lines": [], "summary": {"covered_lines": 0, "num_statements": 17, "percent_covered": 0.0, "percent_covered_display": "0", "missing_lines": 17, "excluded_lines": 0, "percent_statements_covered": 0.0, "percent_statements_covered_display": "0", "num_branches": 8, "num_partial_branches": 0, "covered_branches": 0, "missing_branches": 8, "percent_branches_covered": 0.0, "percent_branches_covered_display": "0"}, "missing_lines": [418, 421, 422, 423, 424, 425, 426, 427, 428, 429, 432, 435, 438, 439, 440, 441, 447], "excluded_lines": [], "start_line": 411, "executed_branches": [], "missing_branches": [[422, 423], [422, 432], [423, 424], [423, 425], [427, 422], [427, 428], [439, 440], [439, 447]]}, "Navigator.not_found_response": {"executed_lines": [], "summary": {"covered_lines": 0, "num_statements": 10, "percent_covered": 0.0, "percent_covered_display": "0", "missing_lines": 10, "excluded_lines": 0, "percent_statements_covered": 0.0, "percent_statements_covered_display": "0", "num_branches": 2, "num_partial_branches": 0, "covered_branches": 0, "missing_branches": 2, "percent_branches_covered": 0.0, "percent_branches_covered_display": "0"}, "missing_lines": [451, 452, 453, 454, 455, 456, 457, 458, 459, 460], "excluded_lines": [], "start_line": 449, "executed_branches": [], "missing_branches": [[453, 454], [453, 458]]}, "": {"executed_lines": [], "summary": {"covered_lines": 0, "num_statements": 70, "percent_covered": 0.0, "percent_covered_display": "0", "missing_lines": 70, "excluded_lines": 3, "percent_statements_covered": 0.0, "percent_statements_covered_display": "0", "num_branches": 0, "num_partial_branches": 0, "covered_branches": 0, "missing_branches": 0, "percent_branches_covered": 100.0, "percent_branches_covered_display": "100"}, "missing_lines": [1, 3, 4, 5, 6, 7, 8, 9, 10, 11, 12, 13, 14, 15, 21, 23, 24, 25, 26, 30, 32, 41, 45, 46, 47, 49, 53, 57, 58, 60, 61, 62, 66, 67, 68, 69, 75, 102, 132, 133, 135, 136, 137, 138, 139, 140, 142, 146, 154, 160, 173, 175, 178, 182, 186, 187, 211, 226, 244, 266, 289, 302, 308, 322, 332, 335, 345, 375, 411, 449], "excluded_lines": [17, 18, 19], "start_line": 1, "executed_branches": [], "missing_branches": []}}, "classes": {"NavigationIntent": {"executed_lines": [], "summary": {"covered_lines": 0, "num_statements": 2, "percent_covered": 0.0, "percent_covered_display": "0", "missing_lines": 2, "excluded_lines": 0, "percent_statements_covered": 0.0, "percent_statements_covered_display": "0", "num_branches": 0, "num_partial_branches": 0, "covered_branches": 0, "missing_branches": 0, "percent_branches_covered": 100.0, "percent_branches_covered_display": "100"}, "missing_lines": [51, 54], "excluded_lines": [], "start_line": 46, "executed_branches": [], "missing_branches": []}, "DenialTrace": {"executed_lines": [], "summary": {"covered_lines": 0, "num_statements": 0, "percent_covered": 100.0, "percent_covered_display": "100", "missing_lines": 0, "excluded_lines": 0, "percent_statements_covered": 100.0, "percent_statements_covered_display": "100", "num_branches": 0, "num_partial_branches": 0, "covered_branches": 0, "missing_branches": 0, "percent_branches_covered": 100.0, "percent_branches_covered_display": "100"}, "missing_lines": [], "excluded_lines": [], "start_line": 58, "executed_branches": [], "missing_branches": []}, "AllowedOperations": {"executed_lines": [], "summary": {"covered_lines": 0, "num_statements": 0, "percent_covered": 100.0, "percent_covered_display": "100", "missing_lines": 0, "excluded_lines": 0, "percent_statements_covered": 100.0, "percent_statements_covered_display": "100", "num_branches": 0, "num_partial_branches": 0, "covered_branches": 0, "missing_branches": 0, "percent_branches_covered": 100.0, "percent_branches_covered_display": "100"}, "missing_lines": [], "excluded_lines": [], "start_line": 67, "executed_branches": [], "missing_branches": []}, "NavigationSession": {"executed_lines": [], "summary": {"covered_lines": 0, "num_statements": 13, "percent_covered": 0.0, "percent_covered_display": "0", "missing_lines": 13, "excluded_lines": 0, "percent_statements_covered": 0.0, "percent_statements_covered_display": "0", "num_branches": 6, "num_partial_branches": 0, "covered_branches": 0, "missing_branches": 6, "percent_branches_covered": 0.0, "percent_branches_covered_display": "0"}, "missing_lines": [144, 148, 149, 150, 151, 152, 156, 157, 158, 161, 162, 163, 164], "excluded_lines": [], "start_line": 133, "executed_branches": [], "missing_branches": [[148, 149], [148, 150], [150, 151], [150, 152], [163, -160], [163, 164]]}, "SessionLockTimeout": {"executed_lines": [], "summary": {"covered_lines": 0, "num_statements": 0, "percent_covered": 100.0, "percent_covered_display": "100", "missing_lines": 0, "excluded_lines": 0, "percent_statements_covered": 100.0, "percent_statements_covered_display": "100", "num_branches": 0, "num_partial_branches": 0, "covered_branches": 0, "missing_branches": 0, "percent_branches_covered": 100.0, "percent_branches_covered_display": "100"}, "missing_lines": [], "excluded_lines": [], "start_line": 173, "executed_branches": [], "missing_branches": []}, "Navigator": {"executed_lines": [], "summary": {"covered_lines": 0, "num_statements": 64, "percent_covered": 0.0, "percent_covered_display": "0", "missing_lines": 64, "excluded_lines": 0, "percent_statements_covered": 0.0, "percent_statements_covered_display": "0", "num_branches": 28, "num_partial_branches": 0, "covered_branches": 0, "missing_branches": 28, "percent_branches_covered": 0.0, "percent_branches_covered_display": "0"}, "missing_lines": [341, 342, 343, 352, 353, 355, 357, 358, 359, 360, 361, 373, 376, 382, 383, 385, 386, 387, 388, 389, 391, 392, 393, 396, 397, 398, 399, 400, 401, 402, 403, 404, 405, 406, 407, 408, 409, 418, 421, 422, 423, 424, 425, 426, 427, 428, 429, 432, 435, 438, 439, 440, 441, 447, 451, 452, 453, 454, 455, 456, 457, 458, 459, 460], "excluded_lines": [], "start_line": 332, "executed_branches": [], "missing_branches": [[352, 353], [352, 355], [357, 358], [357, 373], [359, 360], [359, 373], [382, 383], [382, 385], [388, 389], [388, 391], [392, 393], [392, 396], [397, 398], [397, 401], [401, 402], [401, 409], [404, 405], [404, 406], [422, 423], [422, 432], [423, 424], [423, 425], [427, 422], [427, 428], [439, 440], [439, 447], [453, 454], [453, 458]]}, "": {"executed_lines": [], "summary": {"covered_lines": 0, "num_statements": 150, "percent_covered": 0.0, "percent_covered_display": "0", "missing_lines": 150, "excluded_lines": 3, "percent_statements_covered": 0.0, "percent_statements_covered_display": "0", "num_branches": 24, "num_partial_branches": 0, "covered_branches": 0, "missing_branches": 24, "percent_branches_covered": 0.0, "percent_branches_covered_display": "0"}, "missing_lines": [1, 3, 4, 5, 6, 7, 8, 9, 10, 11, 12, 13, 14, 15, 21, 23, 24, 25, 26, 30, 32, 41, 42, 45, 46, 47, 49, 53, 57, 58, 60, 61, 62, 66, 67, 68, 69, 75, 102, 110, 112, 113, 122, 123, 124, 129, 132, 133, 135, 136, 137, 138, 139, 140, 142, 146, 154, 160, 173, 175, 178, 179, 182, 183, 186, 187, 193, 194, 195, 196, 197, 198, 199, 200, 201, 202, 203, 204, 205, 206, 208, 211, 212, 226, 227, 228, 229, 230, 234, 244, 250, 251, 252, 253, 254, 255, 256, 257, 258, 259, 260, 263, 266, 271, 272, 273, 274, 275, 276, 277, 278, 279, 280, 281, 282, 283, 284, 285, 286, 289, 291, 292, 293, 294, 302, 308, 309, 310, 311, 312, 313, 314, 315, 316, 317, 318, 319, 322, 324, 325, 326, 327, 328, 329, 332, 335, 345, 375, 411, 449], "excluded_lines": [17, 18, 19], "start_line": 1, "executed_branches": [], "missing_branches": [[112, 113], [112, 122], [122, 123], [122, 129], [123, 122], [123, 124], [202, 203], [202, 204], [228, 229], [228, 230], [253, 254], [253, 255], [309, 310], [309, 311], [311, 312], [311, 313], [314, 315], [314, 319], [316, 317], [316, 318], [325, 326], [325, 327], [327, 328], [327, 329]]}}}, "src/sdd/spatial/nodes.py": {"executed_lines": [1, 3, 4, 6, 12, 13, 14, 15, 16, 17, 18, 19, 20, 21, 22, 25, 26, 27, 29, 36, 37, 39, 40, 41, 42, 43], "summary": {"covered_lines": 26, "num_statements": 30, "percent_covered": 76.47058823529412, "percent_covered_display": "76", "missing_lines": 4, "excluded_lines": 0, "percent_statements_covered": 86.66666666666667, "percent_statements_covered_display": "87", "num_branches": 4, "num_partial_branches": 0, "covered_branches": 0, "missing_branches": 4, "percent_branches_covered": 0.0, "percent_branches_covered_display": "0"}, "missing_lines": [30, 31, 32, 33], "excluded_lines": [], "executed_branches": [], "missing_branches": [[30, 31], [30, 32], [32, -29], [32, 33]], "functions": {"SpatialNode.__post_init__": {"executed_lines": [], "summary": {"covered_lines": 0, "num_statements": 4, "percent_covered": 0.0, "percent_covered_display": "0", "missing_lines": 4, "excluded_lines": 0, "percent_statements_covered": 0.0, "percent_statements_covered_display": "0", "num_branches": 4, "num_partial_branches": 0, "covered_branches": 0, "missing_branches": 4, "percent_branches_covered": 0.0, "percent_branches_covered_display": "0"}, "missing_lines": [30, 31, 32, 33], "excluded_lines": [], "start_line": 29, "executed_branches": [], "missing_branches": [[30, 31], [30, 32], [32, -29], [32, 33]]}, "": {"executed_lines": [1, 3, 4, 6, 12, 13, 14, 15, 16, 17, 18, 19, 20, 21, 22, 25, 26, 27, 29, 36, 37, 39, 40, 41, 42, 43], "summary": {"covered_lines": 26, "num_statements": 26, "percent_covered": 100.0, "percent_covered_display": "100", "missing_lines": 0, "excluded_lines": 0, "percent_statements_covered": 100.0, "percent_statements_covered_display": "100", "num_branches": 0, "num_partial_branches": 0, "covered_branches": 0, "missing_branches": 0, "percent_branches_covered": 100.0, "percent_branches_covered_display": "100"}, "missing_lines": [], "excluded_lines": [], "start_line": 1, "executed_branches": [], "missing_branches": []}}, "classes": {"SpatialNode": {"executed_lines": [], "summary": {"covered_lines": 0, "num_statements": 4, "percent_covered": 0.0, "percent_covered_display": "0", "missing_lines": 4, "excluded_lines": 0, "percent_statements_covered": 0.0, "percent_statements_covered_display": "0", "num_branches": 4, "num_partial_branches": 0, "covered_branches": 0, "missing_branches": 4, "percent_branches_covered": 0.0, "percent_branches_covered_display": "0"}, "missing_lines": [30, 31, 32, 33], "excluded_lines": [], "start_line": 13, "executed_branches": [], "missing_branches": [[30, 31], [30, 32], [32, -29], [32, 33]]}, "SpatialEdge": {"executed_lines": [], "summary": {"covered_lines": 0, "num_statements": 0, "percent_covered": 100.0, "percent_covered_display": "100", "missing_lines": 0, "excluded_lines": 0, "percent_statements_covered": 100.0, "percent_statements_covered_display": "100", "num_branches": 0, "num_partial_branches": 0, "covered_branches": 0, "missing_branches": 0, "percent_branches_covered": 100.0, "percent_branches_covered_display": "100"}, "missing_lines": [], "excluded_lines": [], "start_line": 37, "executed_branches": [], "missing_branches": []}, "": {"executed_lines": [1, 3, 4, 6, 12, 13, 14, 15, 16, 17, 18, 19, 20, 21, 22, 25, 26, 27, 29, 36, 37, 39, 40, 41, 42, 43], "summary": {"covered_lines": 26, "num_statements": 26, "percent_covered": 100.0, "percent_covered_display": "100", "missing_lines": 0, "excluded_lines": 0, "percent_statements_covered": 100.0, "percent_statements_covered_display": "100", "num_branches": 0, "num_partial_branches": 0, "covered_branches": 0, "missing_branches": 0, "percent_branches_covered": 100.0, "percent_branches_covered_display": "100"}, "missing_lines": [], "excluded_lines": [], "start_line": 1, "executed_branches": [], "missing_branches": []}}}, "src/sdd/spatial/staleness.py": {"executed_lines": [], "summary": {"covered_lines": 0, "num_statements": 43, "percent_covered": 0.0, "percent_covered_display": "0", "missing_lines": 43, "excluded_lines": 0, "percent_statements_covered": 0.0, "percent_statements_covered_display": "0", "num_branches": 18, "num_partial_branches": 0, "covered_branches": 0, "missing_branches": 18, "percent_branches_covered": 0.0, "percent_branches_covered_display": "0"}, "missing_lines": [2, 4, 5, 7, 10, 12, 13, 17, 18, 19, 20, 21, 25, 26, 27, 28, 29, 32, 34, 35, 39, 40, 41, 42, 43, 46, 52, 53, 54, 55, 56, 57, 60, 62, 63, 64, 65, 66, 67, 68, 69, 71, 72], "excluded_lines": [], "executed_branches": [], "missing_branches": [[17, 18], [17, 21], [19, 20], [19, 21], [25, 26], [25, 29], [39, 40], [39, 43], [52, 53], [52, 54], [55, 56], [55, 57], [64, 65], [64, 66], [66, 67], [66, 68], [68, 69], [68, 71]], "functions": {"current_git_hash": {"executed_lines": [], "summary": {"covered_lines": 0, "num_statements": 12, "percent_covered": 0.0, "percent_covered_display": "0", "missing_lines": 12, "excluded_lines": 0, "percent_statements_covered": 0.0, "percent_statements_covered_display": "0", "num_branches": 6, "num_partial_branches": 0, "covered_branches": 0, "missing_branches": 6, "percent_branches_covered": 0.0, "percent_branches_covered_display": "0"}, "missing_lines": [12, 13, 17, 18, 19, 20, 21, 25, 26, 27, 28, 29], "excluded_lines": [], "start_line": 10, "executed_branches": [], "missing_branches": [[17, 18], [17, 21], [19, 20], [19, 21], [25, 26], [25, 29]]}, "_head_tree_hash": {"executed_lines": [], "summary": {"covered_lines": 0, "num_statements": 7, "percent_covered": 0.0, "percent_covered_display": "0", "missing_lines": 7, "excluded_lines": 0, "percent_statements_covered": 0.0, "percent_statements_covered_display": "0", "num_branches": 2, "num_partial_branches": 0, "covered_branches": 0, "missing_branches": 2, "percent_branches_covered": 0.0, "percent_branches_covered_display": "0"}, "missing_lines": [34, 35, 39, 40, 41, 42, 43], "excluded_lines": [], "start_line": 32, "executed_branches": [], "missing_branches": [[39, 40], [39, 43]]}, "is_stale": {"executed_lines": [], "summary": {"covered_lines": 0, "num_statements": 6, "percent_covered": 0.0, "percent_covered_display": "0", "missing_lines": 6, "excluded_lines": 0, "percent_statements_covered": 0.0, "percent_statements_covered_display": "0", "num_branches": 4, "num_partial_branches": 0, "covered_branches": 0, "missing_branches": 4, "percent_branches_covered": 0.0, "percent_branches_covered_display": "0"}, "missing_lines": [52, 53, 54, 55, 56, 57], "excluded_lines": [], "start_line": 46, "executed_branches": [], "missing_branches": [[52, 53], [52, 54], [55, 56], [55, 57]]}, "staleness_report": {"executed_lines": [], "summary": {"covered_lines": 0, "num_statements": 10, "percent_covered": 0.0, "percent_covered_display": "0", "missing_lines": 10, "excluded_lines": 0, "percent_statements_covered": 0.0, "percent_statements_covered_display": "0", "num_branches": 6, "num_partial_branches": 0, "covered_branches": 0, "missing_branches": 6, "percent_branches_covered": 0.0, "percent_branches_covered_display": "0"}, "missing_lines": [62, 63, 64, 65, 66, 67, 68, 69, 71, 72], "excluded_lines": [], "start_line": 60, "executed_branches": [], "missing_branches": [[64, 65], [64, 66], [66, 67], [66, 68], [68, 69], [68, 71]]}, "": {"executed_lines": [], "summary": {"covered_lines": 0, "num_statements": 8, "percent_covered": 0.0, "percent_covered_display": "0", "missing_lines": 8, "excluded_lines": 0, "percent_statements_covered": 0.0, "percent_statements_covered_display": "0", "num_branches": 0, "num_partial_branches": 0, "covered_branches": 0, "missing_branches": 0, "percent_branches_covered": 100.0, "percent_branches_covered_display": "100"}, "missing_lines": [2, 4, 5, 7, 10, 32, 46, 60], "excluded_lines": [], "start_line": 1, "executed_branches": [], "missing_branches": []}}, "classes": {"": {"executed_lines": [], "summary": {"covered_lines": 0, "num_statements": 43, "percent_covered": 0.0, "percent_covered_display": "0", "missing_lines": 43, "excluded_lines": 0, "percent_statements_covered": 0.0, "percent_statements_covered_display": "0", "num_branches": 18, "num_partial_branches": 0, "covered_branches": 0, "missing_branches": 18, "percent_branches_covered": 0.0, "percent_branches_covered_display": "0"}, "missing_lines": [2, 4, 5, 7, 10, 12, 13, 17, 18, 19, 20, 21, 25, 26, 27, 28, 29, 32, 34, 35, 39, 40, 41, 42, 43, 46, 52, 53, 54, 55, 56, 57, 60, 62, 63, 64, 65, 66, 67, 68, 69, 71, 72], "excluded_lines": [], "start_line": 1, "executed_branches": [], "missing_branches": [[17, 18], [17, 21], [19, 20], [19, 21], [25, 26], [25, 29], [39, 40], [39, 43], [52, 53], [52, 54], [55, 56], [55, 57], [64, 65], [64, 66], [66, 67], [66, 68], [68, 69], [68, 71]]}}}}, "totals": {"covered_lines": 1775, "num_statements": 7497, "percent_covered": 20.75914276575328, "percent_covered_display": "21", "missing_lines": 5722, "excluded_lines": 87, "percent_statements_covered": 23.67613712151527, "percent_statements_covered_display": "24", "num_branches": 1882, "num_partial_branches": 18, "covered_branches": 172, "missing_branches": 1710, "percent_branches_covered": 9.139213602550479, "percent_branches_covered_display": "9"}}